app/(dashboard)/ar/payments-report/page.tsx(91,13): error TS2554: Expected 2 arguments, but got 3.
app/(dashboard)/expenses/page.tsx(115,32): error TS7006: Parameter 'expense' implicitly has an 'any' type.
app/(dashboard)/inventory/page.tsx(71,29): error TS7006: Parameter 'item' implicitly has an 'any' type.
app/(dashboard)/inventory/page.tsx(78,6): error TS7006: Parameter 'sum' implicitly has an 'any' type.
app/(dashboard)/inventory/page.tsx(78,11): error TS7006: Parameter 'item' implicitly has an 'any' type.
app/(dashboard)/inventory/page.tsx(83,51): error TS7006: Parameter 'sum' implicitly has an 'any' type.
app/(dashboard)/inventory/page.tsx(83,56): error TS7006: Parameter 'item' implicitly has an 'any' type.
app/(dashboard)/purchase-orders/[id]/edit/page.tsx(26,11): error TS2339: Property 'updatePurchaseOrder' does not exist on type 'UseQueryResult<any, Error>'.
app/dashboard/users/page.tsx(103,60): error TS2345: Argument of type 'string' is not assignable to parameter of type 'UserStatus'.
components/ap/batch-payment-form.tsx(148,25): error TS7006: Parameter 'ap' implicitly has an 'any' type.
components/ap/batch-payment-form.tsx(149,22): error TS7006: Parameter 'ap' implicitly has an 'any' type.
components/ar/batch-payment-form.tsx(211,34): error TS7006: Parameter 'sum' implicitly has an 'any' type.
repositories/purchase-order.repository.ts(113,5): error TS2322: Type '{ id: string; createdAt: Date; branchId: string; supplierId: string; totalAmount: number; taxAmount: number; discountAmount: number; otherCharges: number; status: string; updatedAt: Date; ... 6 more ...; createdById: string | null; }' is not assignable to type 'PurchaseOrderWithDetails'.
  Type '{ id: string; createdAt: Date; branchId: string; supplierId: string; totalAmount: number; taxAmount: number; discountAmount: number; otherCharges: number; status: string; updatedAt: Date; ... 6 more ...; createdById: string | null; }' is missing the following properties from type '{ Supplier: { id: string; createdAt: Date; status: string; updatedAt: Date; phone: string; createdById: string | null; email: string | null; updatedById: string | null; companyName: string; contactPerson: string; taxId: string | null; paymentTerms: string; }; ... 6 more ...; otherCharges?: number | undefined; }': Supplier, Warehouse, Branch, PurchaseOrderItem
repositories/purchase-order.repository.ts(114,7): error TS2322: Type '{ id: `${string}-${string}-${string}-${string}-${string}`; poNumber: string; totalAmount: number; expectedDeliveryDate: Date; notes: string | undefined; status: PurchaseOrderStatus; ... 5 more ...; PurchaseOrderItem: { ...; }; }' is not assignable to type '(Without<PurchaseOrderCreateInput, PurchaseOrderUncheckedCreateInput> & PurchaseOrderUncheckedCreateInput) | (Without<...> & PurchaseOrderCreateInput)'.
  Types of property 'createdById' are incompatible.
    Type 'string | undefined' is not assignable to type 'undefined'.
      Type 'string' is not assignable to type 'undefined'.
repositories/supplier.repository.ts(5,30): error TS7016: Could not find a declaration file for module 'uuid'. 'C:/Users/HI/Documents/GitHub/buenasv2/node_modules/uuid/dist/esm-browser/index.js' implicitly has an 'any' type.
  Try `npm i --save-dev @types/uuid` if it exists or add a new declaration (.d.ts) file containing `declare module 'uuid';`
scripts/check-unpooled-db.ts(55,33): error TS18046: 'error' is of type 'unknown'.
scripts/inspect-raw.ts(11,45): error TS18046: 'e' is of type 'unknown'.
scripts/inspect-raw.ts(21,42): error TS18046: 'e' is of type 'unknown'.
scripts/post-production/generate-tts-free.ts(76,19): error TS2339: Property 'ttsToFile' does not exist on type 'typeof import("C:/Users/HI/Documents/GitHub/buenasv2/node_modules/edge-tts-node/dist/index")'.
scripts/post-production/generate-tts.ts(68,23): error TS1355: A 'const' assertions can only be applied to references to enum members, or string, number, boolean, array, or object literals.
scripts/test-case-sensitivity.ts(19,9): error TS2322: Type '{ email: string; passwordHash: string; firstName: string; lastName: string; roleId: string; status: string; }' is not assignable to type '(Without<UserCreateInput, UserUncheckedCreateInput> & UserUncheckedCreateInput) | (Without<...> & UserCreateInput)'.
  Type '{ email: string; passwordHash: string; firstName: string; lastName: string; roleId: string; status: string; }' is not assignable to type 'Without<UserCreateInput, UserUncheckedCreateInput> & UserUncheckedCreateInput'.
    Type '{ email: string; passwordHash: string; firstName: string; lastName: string; roleId: string; status: string; }' is missing the following properties from type 'UserUncheckedCreateInput': id, updatedAt
scripts/test-rv-creation.ts(39,73): error TS2345: Argument of type '{ purchaseOrderId: string; receiverName: string; deliveryNotes: string; items: { productId: string; orderedQuantity: number; receivedQuantity: number; unitPrice: number; varianceReason: undefined; }[]; }' is not assignable to parameter of type 'CreateReceivingVoucherInput'.
  Types of property 'items' are incompatible.
    Type '{ productId: string; orderedQuantity: number; receivedQuantity: number; unitPrice: number; varianceReason: undefined; }[]' is not assignable to type 'CreateReceivingVoucherItemInput[]'.
      Type '{ productId: string; orderedQuantity: number; receivedQuantity: number; unitPrice: number; varianceReason: undefined; }' is missing the following properties from type 'CreateReceivingVoucherItemInput': poItemId, uom
scripts/verify-system-integrity.ts(6,7): error TS2451: Cannot redeclare block-scoped variable 'API_BASE'.
scripts/verify-system-integrity.ts(16,7): error TS2451: Cannot redeclare block-scoped variable 'results'.
scripts/verify-user-filter.ts(20,9): error TS2322: Type '{ id: string; createdAt: Date; branchId: string | null; status: string; updatedAt: Date; phone: string | null; email: string; passwordHash: string; firstName: string; lastName: string; ... 5 more ...; isSuperMegaAdmin: boolean; }' is not assignable to type '{ Branch: { name: string; id: string; createdAt: Date; status: string; updatedAt: Date; code: string; location: string; manager: string; phone: string; } | null; Role: { RolePermission: ({ ...; } & { ...; })[]; } & { ...; }; } & { ...; }'.
  Type '{ id: string; createdAt: Date; branchId: string | null; status: string; updatedAt: Date; phone: string | null; email: string; passwordHash: string; firstName: string; lastName: string; ... 5 more ...; isSuperMegaAdmin: boolean; }' is missing the following properties from type '{ Branch: { name: string; id: string; createdAt: Date; status: string; updatedAt: Date; code: string; location: string; manager: string; phone: string; } | null; Role: { RolePermission: ({ ...; } & { ...; })[]; } & { ...; }; }': Branch, Role
scripts/verify-user-filter.ts(30,51): error TS18047: 'admin' is possibly 'null'.
tests/e2e/registration.spec.ts(85,7): error TS2322: Type '{ email: string; passwordHash: string; firstName: string; lastName: string; roleId: string; status: string; emailVerified: false; }' is not assignable to type '(Without<UserCreateInput, UserUncheckedCreateInput> & UserUncheckedCreateInput) | (Without<...> & UserCreateInput)'.
  Type '{ email: string; passwordHash: string; firstName: string; lastName: string; roleId: string; status: string; emailVerified: false; }' is not assignable to type 'Without<UserCreateInput, UserUncheckedCreateInput> & UserUncheckedCreateInput'.
    Type '{ email: string; passwordHash: string; firstName: string; lastName: string; roleId: string; status: string; emailVerified: false; }' is missing the following properties from type 'UserUncheckedCreateInput': id, updatedAt
tests/helpers/auth-test-helpers.ts(4,10): error TS2459: Module '"./test-db-utils"' declares 'prisma' locally, but it is not exported.
tests/helpers/test-base.ts(18,5): error TS2353: Object literal may only specify known properties, and 'inventoryBatches' does not exist in type 'TestDataIds'.
tests/integration/api/ar-payments-report.test.ts(2,45): error TS2305: Module '"@/tests/helpers/test-db-utils"' has no exported member 'createAuthHeaders'.
tests/integration/api/ar-payments-report.test.ts(24,17): error TS2353: Object literal may only specify known properties, and 'name' does not exist in type '(Without<CustomerCreateInput, CustomerUncheckedCreateInput> & CustomerUncheckedCreateInput) | (Without<...> & CustomerCreateInput)'.
tests/integration/api/ar-payments-report.test.ts(35,13): error TS2322: Type '{ id: `${string}-${string}-${string}-${string}-${string}`; branchId: string; customerId: string; customerName: any; salesOrderId: string; totalAmount: number; paidAmount: number; balance: number; dueDate: Date; status: string; }' is not assignable to type '(Without<AccountsReceivableCreateInput, AccountsReceivableUncheckedCreateInput> & AccountsReceivableUncheckedCreateInput) | (Without<...> & AccountsReceivableCreateInput)'.
  Type '{ id: `${string}-${string}-${string}-${string}-${string}`; branchId: string; customerId: string; customerName: any; salesOrderId: string; totalAmount: number; paidAmount: number; balance: number; dueDate: Date; status: string; }' is not assignable to type 'Without<AccountsReceivableCreateInput, AccountsReceivableUncheckedCreateInput> & AccountsReceivableUncheckedCreateInput'.
    Property 'updatedAt' is missing in type '{ id: `${string}-${string}-${string}-${string}-${string}`; branchId: string; customerId: string; customerName: any; salesOrderId: string; totalAmount: number; paidAmount: number; balance: number; dueDate: Date; status: string; }' but required in type 'AccountsReceivableUncheckedCreateInput'.
tests/integration/api/ar-payments-report.test.ts(39,40): error TS2339: Property 'name' does not exist on type '{ id: string; createdAt: Date; status: string; updatedAt: Date; phone: string; notes: string | null; createdById: string | null; email: string | null; updatedById: string | null; ... 10 more ...; customerType: string; }'.
tests/integration/api/inventory-adjustments.test.ts(68,13): error TS2454: Variable 'testAdjustmentId' is used before being assigned.
tests/security-updates-test.ts(6,7): error TS2451: Cannot redeclare block-scoped variable 'API_BASE'.
tests/security-updates-test.ts(9,7): error TS2451: Cannot redeclare block-scoped variable 'results'.
tests/security-updates-test.ts(15,20): error TS7006: Parameter 'test' implicitly has an 'any' type.
tests/security-updates-test.ts(15,26): error TS7006: Parameter 'passed' implicitly has an 'any' type.
tests/security-updates-test.ts(15,34): error TS7006: Parameter 'message' implicitly has an 'any' type.
tests/security-updates-test.ts(18,17): error TS2339: Property 'passed' does not exist on type 'IntegrityCheck[]'.
tests/security-updates-test.ts(21,17): error TS2339: Property 'failed' does not exist on type 'IntegrityCheck[]'.
tests/security-updates-test.ts(26,21): error TS7006: Parameter 'test' implicitly has an 'any' type.
tests/security-updates-test.ts(26,27): error TS7006: Parameter 'message' implicitly has an 'any' type.
tests/security-updates-test.ts(27,13): error TS2339: Property 'warnings' does not exist on type 'IntegrityCheck[]'.
tests/security-updates-test.ts(61,61): error TS18046: 'error' is of type 'unknown'.
tests/security-updates-test.ts(123,64): error TS18046: 'error' is of type 'unknown'.
tests/security-updates-test.ts(165,64): error TS18046: 'error' is of type 'unknown'.
tests/security-updates-test.ts(179,61): error TS18046: 'error' is of type 'unknown'.
tests/security-updates-test.ts(194,78): error TS18046: 'error' is of type 'unknown'.
tests/security-updates-test.ts(199,16): error TS2393: Duplicate function implementation.
tests/security-updates-test.ts(216,38): error TS2339: Property 'passed' does not exist on type 'IntegrityCheck[]'.
tests/security-updates-test.ts(217,38): error TS2339: Property 'failed' does not exist on type 'IntegrityCheck[]'.
tests/security-updates-test.ts(218,42): error TS2339: Property 'warnings' does not exist on type 'IntegrityCheck[]'.
tests/security-updates-test.ts(221,17): error TS2339: Property 'failed' does not exist on type 'IntegrityCheck[]'.
tests/security-updates-test.ts(223,17): error TS2339: Property 'failed' does not exist on type 'IntegrityCheck[]'.
tests/security-updates-test.ts(223,32): error TS7006: Parameter 'r' implicitly has an 'any' type.
tests/security-updates-test.ts(226,17): error TS2339: Property 'warnings' does not exist on type 'IntegrityCheck[]'.
tests/security-updates-test.ts(228,17): error TS2339: Property 'warnings' does not exist on type 'IntegrityCheck[]'.
tests/security-updates-test.ts(228,34): error TS7006: Parameter 'r' implicitly has an 'any' type.
tests/security-updates-test.ts(232,26): error TS2339: Property 'failed' does not exist on type 'IntegrityCheck[]'.
tests/selenium/run-multiple.ts(39,16): error TS2393: Duplicate function implementation.
tests/unit/services/user.service.test.ts(51,59): error TS2345: Argument of type 'never[]' is not assignable to parameter of type '{ data: ({ Branch: { name: string; id: string; createdAt: Date; status: string; updatedAt: Date; code: string; location: string; manager: string; phone: string; } | null; Role: { name: string; ... 4 more ...; isSystem: boolean; }; } & { ...; })[]; total: number; page: number; limit: number; totalPages: number; }'.
  Type 'never[]' is missing the following properties from type '{ data: ({ Branch: { name: string; id: string; createdAt: Date; status: string; updatedAt: Date; code: string; location: string; manager: string; phone: string; } | null; Role: { name: string; ... 4 more ...; isSystem: boolean; }; } & { ...; })[]; total: number; page: number; limit: number; totalPages: number; }': data, total, page, limit, totalPages
