{"numTotalTestSuites":39,"numPassedTestSuites":10,"numFailedTestSuites":29,"numPendingTestSuites":0,"numTotalTests":45,"numPassedTests":15,"numFailedTests":22,"numPendingTests":8,"numTodoTests":0,"snapshot":{"added":0,"failure":false,"filesAdded":0,"filesRemoved":0,"filesRemovedList":[],"filesUnmatched":0,"filesUpdated":0,"matched":0,"total":0,"unchecked":0,"uncheckedKeysByFile":[],"unmatched":0,"updated":0,"didUpdate":false},"startTime":1763997048463,"success":false,"testResults":[{"assertionResults":[{"ancestorTitles":["API Regression Tests - Property Name Validation","Purchase Orders API"],"fullName":"API Regression Tests - Property Name Validation Purchase Orders API should return PO with correct Prisma relation names (capital letters)","status":"skipped","title":"should return PO with correct Prisma relation names (capital letters)","failureMessages":[],"meta":{}},{"ancestorTitles":["API Regression Tests - Property Name Validation","Purchase Orders API"],"fullName":"API Regression Tests - Property Name Validation Purchase Orders API should list POs with correct property names","status":"skipped","title":"should list POs with correct property names","failureMessages":[],"meta":{}},{"ancestorTitles":["API Regression Tests - Property Name Validation","Receiving Vouchers API"],"fullName":"API Regression Tests - Property Name Validation Receiving Vouchers API should return RV with correct Prisma relation names","status":"skipped","title":"should return RV with correct Prisma relation names","failureMessages":[],"meta":{}},{"ancestorTitles":["API Regression Tests - Property Name Validation","Inventory API"],"fullName":"API Regression Tests - Property Name Validation Inventory API should return inventory batches with correct property names","status":"skipped","title":"should return inventory batches with correct property names","failureMessages":[],"meta":{}},{"ancestorTitles":["API Regression Tests - Property Name Validation","Products API"],"fullName":"API Regression Tests - Property Name Validation Products API should return products without lowercase relation names","status":"skipped","title":"should return products without lowercase relation names","failureMessages":[],"meta":{}},{"ancestorTitles":["API Regression Tests - Property Name Validation","Suppliers API"],"fullName":"API Regression Tests - Property Name Validation Suppliers API should return suppliers without lowercase relation names","status":"skipped","title":"should return suppliers without lowercase relation names","failureMessages":[],"meta":{}},{"ancestorTitles":["API Regression Tests - Property Name Validation","Warehouses API"],"fullName":"API Regression Tests - Property Name Validation Warehouses API should return warehouses without lowercase relation names","status":"skipped","title":"should return warehouses without lowercase relation names","failureMessages":[],"meta":{}},{"ancestorTitles":["API Regression Tests - Property Name Validation","Branches API"],"fullName":"API Regression Tests - Property Name Validation Branches API should return branches without lowercase relation names","status":"skipped","title":"should return branches without lowercase relation names","failureMessages":[],"meta":{}}],"startTime":1763997048463,"endTime":1763997048463,"status":"failed","message":"","name":"C:/Users/HI/Documents/GitHub/_deve local/_React Apps/test/tests/integration/api/api-regression.test.ts"},{"assertionResults":[{"ancestorTitles":["Auth API"],"fullName":"Auth API invalid login returns 401","status":"passed","title":"invalid login returns 401","duration":1697.3782,"failureMessages":[],"meta":{}},{"ancestorTitles":["Auth API"],"fullName":"Auth API valid login returns 200 and me returns 200 with cookie","status":"failed","title":"valid login returns 200 and me returns 200 with cookie","duration":6239.498699999999,"failureMessages":["AssertionError: expected [ 200, 201 ] to include 500\n    at Proxy.<anonymous> (file:///C:/Users/HI/Documents/GitHub/_deve%20local/_React%20Apps/test/node_modules/@vitest/expect/dist/index.js:1248:15)\n    at Proxy.<anonymous> (file:///C:/Users/HI/Documents/GitHub/_deve%20local/_React%20Apps/test/node_modules/@vitest/expect/dist/index.js:1086:14)\n    at Proxy.methodWrapper (file:///C:/Users/HI/Documents/GitHub/_deve%20local/_React%20Apps/test/node_modules/chai/index.js:1700:25)\n    at C:/Users/HI/Documents/GitHub/_deve local/_React Apps/test/tests/integration/api/auth.test.ts:18:24\n    at processTicksAndRejections (node:internal/process/task_queues:105:5)\n    at file:///C:/Users/HI/Documents/GitHub/_deve%20local/_React%20Apps/test/node_modules/@vitest/runner/dist/index.js:753:20"],"meta":{}}],"startTime":1763997049523,"endTime":1763997057460.4988,"status":"failed","message":"","name":"C:/Users/HI/Documents/GitHub/_deve local/_React Apps/test/tests/integration/api/auth.test.ts"},{"assertionResults":[{"ancestorTitles":["Inventory API"],"fullName":"Inventory API lists inventory","status":"failed","title":"lists inventory","duration":8763.0354,"failureMessages":["AssertionError: expected 401 to be 200 // Object.is equality\n    at C:/Users/HI/Documents/GitHub/_deve local/_React Apps/test/tests/integration/api/inventory.test.ts:11:22\n    at processTicksAndRejections (node:internal/process/task_queues:105:5)\n    at file:///C:/Users/HI/Documents/GitHub/_deve%20local/_React%20Apps/test/node_modules/@vitest/runner/dist/index.js:753:20"],"meta":{}},{"ancestorTitles":["Inventory API"],"fullName":"Inventory API stock levels endpoint","status":"failed","title":"stock levels endpoint","duration":12.249399999998786,"failureMessages":["AssertionError: expected 401 to be 200 // Object.is equality\n    at C:/Users/HI/Documents/GitHub/_deve local/_React Apps/test/tests/integration/api/inventory.test.ts:19:22\n    at processTicksAndRejections (node:internal/process/task_queues:105:5)\n    at file:///C:/Users/HI/Documents/GitHub/_deve%20local/_React%20Apps/test/node_modules/@vitest/runner/dist/index.js:753:20"],"meta":{}}],"startTime":1763997049525,"endTime":1763997058300.2495,"status":"failed","message":"","name":"C:/Users/HI/Documents/GitHub/_deve local/_React Apps/test/tests/integration/api/inventory.test.ts"},{"assertionResults":[{"ancestorTitles":["POS Sales API"],"fullName":"POS Sales API processes a cash sale","status":"failed","title":"processes a cash sale","duration":7922.950199999999,"failureMessages":["TypeError: Cannot read properties of undefined (reading 'products')\n    at C:/Users/HI/Documents/GitHub/_deve local/_React Apps/test/tests/integration/api/pos.test.ts:8:32\n    at processTicksAndRejections (node:internal/process/task_queues:105:5)\n    at file:///C:/Users/HI/Documents/GitHub/_deve%20local/_React%20Apps/test/node_modules/@vitest/runner/dist/index.js:753:20"],"meta":{}}],"startTime":1763997049524,"endTime":1763997057446.9502,"status":"failed","message":"","name":"C:/Users/HI/Documents/GitHub/_deve local/_React Apps/test/tests/integration/api/pos.test.ts"},{"assertionResults":[{"ancestorTitles":["Products UOM"],"fullName":"Products UOM updates product alternate UOMs","status":"failed","title":"updates product alternate UOMs","duration":7905.619699999999,"failureMessages":["AssertionError: expected undefined to be truthy\n    at C:/Users/HI/Documents/GitHub/_deve local/_React Apps/test/tests/integration/api/products-uom.test.ts:9:23\n    at processTicksAndRejections (node:internal/process/task_queues:105:5)\n    at file:///C:/Users/HI/Documents/GitHub/_deve%20local/_React%20Apps/test/node_modules/@vitest/runner/dist/index.js:753:20"],"meta":{}}],"startTime":1763997049526,"endTime":1763997057431.6196,"status":"failed","message":"","name":"C:/Users/HI/Documents/GitHub/_deve local/_React Apps/test/tests/integration/api/products-uom.test.ts"},{"assertionResults":[{"ancestorTitles":["Products API Integration Tests","POST /api/products"],"fullName":"Products API Integration Tests POST /api/products should create a new product","status":"failed","title":"should create a new product","duration":988.9667,"failureMessages":["AssertionError: expected 401 to be 201 // Object.is equality\n    at C:/Users/HI/Documents/GitHub/_deve local/_React Apps/test/tests/integration/api/products.test.ts:44:31\n    at processTicksAndRejections (node:internal/process/task_queues:105:5)\n    at file:///C:/Users/HI/Documents/GitHub/_deve%20local/_React%20Apps/test/node_modules/@vitest/runner/dist/index.js:753:20"],"meta":{}},{"ancestorTitles":["Products API Integration Tests","POST /api/products"],"fullName":"Products API Integration Tests POST /api/products should return 400 for invalid product data","status":"failed","title":"should return 400 for invalid product data","duration":12.097200000000157,"failureMessages":["AssertionError: expected 401 to be 400 // Object.is equality\n    at C:/Users/HI/Documents/GitHub/_deve local/_React Apps/test/tests/integration/api/products.test.ts:66:31\n    at processTicksAndRejections (node:internal/process/task_queues:105:5)\n    at file:///C:/Users/HI/Documents/GitHub/_deve%20local/_React%20Apps/test/node_modules/@vitest/runner/dist/index.js:753:20"],"meta":{}},{"ancestorTitles":["Products API Integration Tests","GET /api/products"],"fullName":"Products API Integration Tests GET /api/products should return list of products","status":"failed","title":"should return list of products","duration":25.52890000000002,"failureMessages":["AssertionError: expected 401 to be 200 // Object.is equality\n    at C:/Users/HI/Documents/GitHub/_deve local/_React Apps/test/tests/integration/api/products.test.ts:76:31\n    at processTicksAndRejections (node:internal/process/task_queues:105:5)\n    at file:///C:/Users/HI/Documents/GitHub/_deve%20local/_React%20Apps/test/node_modules/@vitest/runner/dist/index.js:753:20"],"meta":{}},{"ancestorTitles":["Products API Integration Tests","GET /api/products"],"fullName":"Products API Integration Tests GET /api/products should filter products by category","status":"failed","title":"should filter products by category","duration":66.18549999999959,"failureMessages":["AssertionError: expected 401 to be 200 // Object.is equality\n    at C:/Users/HI/Documents/GitHub/_deve local/_React Apps/test/tests/integration/api/products.test.ts:85:31\n    at processTicksAndRejections (node:internal/process/task_queues:105:5)\n    at file:///C:/Users/HI/Documents/GitHub/_deve%20local/_React%20Apps/test/node_modules/@vitest/runner/dist/index.js:753:20"],"meta":{}},{"ancestorTitles":["Products API Integration Tests","GET /api/products/:id"],"fullName":"Products API Integration Tests GET /api/products/:id should return a product by ID","status":"passed","title":"should return a product by ID","duration":0.33150000000023283,"failureMessages":[],"meta":{}},{"ancestorTitles":["Products API Integration Tests","GET /api/products/:id"],"fullName":"Products API Integration Tests GET /api/products/:id should return 404 for non-existent product","status":"failed","title":"should return 404 for non-existent product","duration":176.66969999999992,"failureMessages":["AssertionError: expected 401 to be 404 // Object.is equality\n    at C:/Users/HI/Documents/GitHub/_deve local/_React Apps/test/tests/integration/api/products.test.ts:110:31\n    at processTicksAndRejections (node:internal/process/task_queues:105:5)\n    at file:///C:/Users/HI/Documents/GitHub/_deve%20local/_React%20Apps/test/node_modules/@vitest/runner/dist/index.js:753:20"],"meta":{}}],"startTime":1763997050147,"endTime":1763997051417.6697,"status":"failed","message":"","name":"C:/Users/HI/Documents/GitHub/_deve local/_React Apps/test/tests/integration/api/products.test.ts"},{"assertionResults":[{"ancestorTitles":["Purchase Orders API Integration Tests","POST /api/purchase-orders"],"fullName":"Purchase Orders API Integration Tests POST /api/purchase-orders should create a new purchase order","status":"failed","title":"should create a new purchase order","duration":452.71079999999984,"failureMessages":["AssertionError: expected 401 to be 201 // Object.is equality\n    at C:/Users/HI/Documents/GitHub/_deve local/_React Apps/test/tests/integration/api/purchase-orders.test.ts:68:31\n    at processTicksAndRejections (node:internal/process/task_queues:105:5)\n    at file:///C:/Users/HI/Documents/GitHub/_deve%20local/_React%20Apps/test/node_modules/@vitest/runner/dist/index.js:753:20"],"meta":{}},{"ancestorTitles":["Purchase Orders API Integration Tests","POST /api/purchase-orders"],"fullName":"Purchase Orders API Integration Tests POST /api/purchase-orders should return 400 for invalid PO data","status":"failed","title":"should return 400 for invalid PO data","duration":13.871199999999817,"failureMessages":["AssertionError: expected 401 to be 400 // Object.is equality\n    at C:/Users/HI/Documents/GitHub/_deve local/_React Apps/test/tests/integration/api/purchase-orders.test.ts:90:31\n    at processTicksAndRejections (node:internal/process/task_queues:105:5)\n    at file:///C:/Users/HI/Documents/GitHub/_deve%20local/_React%20Apps/test/node_modules/@vitest/runner/dist/index.js:753:20"],"meta":{}},{"ancestorTitles":["Purchase Orders API Integration Tests","GET /api/purchase-orders"],"fullName":"Purchase Orders API Integration Tests GET /api/purchase-orders should return list of purchase orders","status":"failed","title":"should return list of purchase orders","duration":25.76090000000022,"failureMessages":["AssertionError: expected 401 to be 200 // Object.is equality\n    at C:/Users/HI/Documents/GitHub/_deve local/_React Apps/test/tests/integration/api/purchase-orders.test.ts:100:31\n    at processTicksAndRejections (node:internal/process/task_queues:105:5)\n    at file:///C:/Users/HI/Documents/GitHub/_deve%20local/_React%20Apps/test/node_modules/@vitest/runner/dist/index.js:753:20"],"meta":{}},{"ancestorTitles":["Purchase Orders API Integration Tests","GET /api/purchase-orders"],"fullName":"Purchase Orders API Integration Tests GET /api/purchase-orders should filter purchase orders by status","status":"failed","title":"should filter purchase orders by status","duration":66.32540000000017,"failureMessages":["AssertionError: expected 401 to be 200 // Object.is equality\n    at C:/Users/HI/Documents/GitHub/_deve local/_React Apps/test/tests/integration/api/purchase-orders.test.ts:109:31\n    at processTicksAndRejections (node:internal/process/task_queues:105:5)\n    at file:///C:/Users/HI/Documents/GitHub/_deve%20local/_React%20Apps/test/node_modules/@vitest/runner/dist/index.js:753:20"],"meta":{}},{"ancestorTitles":["Purchase Orders API Integration Tests","GET /api/purchase-orders/:id"],"fullName":"Purchase Orders API Integration Tests GET /api/purchase-orders/:id should return a purchase order by ID","status":"passed","title":"should return a purchase order by ID","duration":0.25789999999960855,"failureMessages":[],"meta":{}},{"ancestorTitles":["Purchase Orders API Integration Tests","GET /api/purchase-orders/:id"],"fullName":"Purchase Orders API Integration Tests GET /api/purchase-orders/:id should return 404 for non-existent PO","status":"failed","title":"should return 404 for non-existent PO","duration":176.59670000000006,"failureMessages":["AssertionError: expected 401 to be 404 // Object.is equality\n    at C:/Users/HI/Documents/GitHub/_deve local/_React Apps/test/tests/integration/api/purchase-orders.test.ts:134:31\n    at processTicksAndRejections (node:internal/process/task_queues:105:5)\n    at file:///C:/Users/HI/Documents/GitHub/_deve%20local/_React%20Apps/test/node_modules/@vitest/runner/dist/index.js:753:20"],"meta":{}},{"ancestorTitles":["Purchase Orders API Integration Tests","PUT /api/purchase-orders/:id"],"fullName":"Purchase Orders API Integration Tests PUT /api/purchase-orders/:id should update purchase order","status":"passed","title":"should update purchase order","duration":0.1734999999998763,"failureMessages":[],"meta":{}},{"ancestorTitles":["Purchase Orders API Integration Tests","PUT /api/purchase-orders/:id"],"fullName":"Purchase Orders API Integration Tests PUT /api/purchase-orders/:id should update status to ordered","status":"passed","title":"should update status to ordered","duration":0.14440000000013242,"failureMessages":[],"meta":{}},{"ancestorTitles":["Purchase Orders API Integration Tests","POST /api/purchase-orders/:id/cancel"],"fullName":"Purchase Orders API Integration Tests POST /api/purchase-orders/:id/cancel should cancel purchase order","status":"passed","title":"should cancel purchase order","duration":0.1801999999997861,"failureMessages":[],"meta":{}}],"startTime":1763997050681,"endTime":1763997051418.1802,"status":"failed","message":"","name":"C:/Users/HI/Documents/GitHub/_deve local/_React Apps/test/tests/integration/api/purchase-orders.test.ts"},{"assertionResults":[{"ancestorTitles":["Receiving Voucher UOM Conversion Integration Tests","POST /api/receiving-vouchers - UOM Conversion"],"fullName":"Receiving Voucher UOM Conversion Integration Tests POST /api/receiving-vouchers - UOM Conversion should successfully create receiving voucher with case to bottle conversion","status":"failed","title":"should successfully create receiving voucher with case to bottle conversion","duration":1727.6476000000002,"failureMessages":["AssertionError: expected 401 to be 200 // Object.is equality\n    at C:/Users/HI/Documents/GitHub/_deve local/_React Apps/test/tests/integration/api/receiving-voucher-uom.test.ts:163:31\n    at processTicksAndRejections (node:internal/process/task_queues:105:5)\n    at file:///C:/Users/HI/Documents/GitHub/_deve%20local/_React%20Apps/test/node_modules/@vitest/runner/dist/index.js:753:20"],"meta":{}},{"ancestorTitles":["Receiving Voucher UOM Conversion Integration Tests","POST /api/receiving-vouchers - UOM Conversion"],"fullName":"Receiving Voucher UOM Conversion Integration Tests POST /api/receiving-vouchers - UOM Conversion should handle partial case receipt (0.5 case = 5 bottles)","status":"failed","title":"should handle partial case receipt (0.5 case = 5 bottles)","duration":454.73070000000007,"failureMessages":["AssertionError: expected 401 to be 200 // Object.is equality\n    at C:/Users/HI/Documents/GitHub/_deve local/_React Apps/test/tests/integration/api/receiving-voucher-uom.test.ts:201:31\n    at processTicksAndRejections (node:internal/process/task_queues:105:5)\n    at file:///C:/Users/HI/Documents/GitHub/_deve%20local/_React%20Apps/test/node_modules/@vitest/runner/dist/index.js:753:20"],"meta":{}},{"ancestorTitles":["Receiving Voucher UOM Conversion Integration Tests","POST /api/receiving-vouchers - UOM Conversion"],"fullName":"Receiving Voucher UOM Conversion Integration Tests POST /api/receiving-vouchers - UOM Conversion should work with pack UOM conversion","status":"failed","title":"should work with pack UOM conversion","duration":434.34869999999955,"failureMessages":["AssertionError: expected 401 to be 200 // Object.is equality\n    at C:/Users/HI/Documents/GitHub/_deve local/_React Apps/test/tests/integration/api/receiving-voucher-uom.test.ts:237:31\n    at processTicksAndRejections (node:internal/process/task_queues:105:5)\n    at file:///C:/Users/HI/Documents/GitHub/_deve%20local/_React%20Apps/test/node_modules/@vitest/runner/dist/index.js:753:20"],"meta":{}},{"ancestorTitles":["Receiving Voucher UOM Conversion Integration Tests","POST /api/receiving-vouchers - UOM Conversion"],"fullName":"Receiving Voucher UOM Conversion Integration Tests POST /api/receiving-vouchers - UOM Conversion should fail with invalid UOM configuration","status":"failed","title":"should fail with invalid UOM configuration","duration":595.2007000000003,"failureMessages":["AssertionError: expected 401 to be 500 // Object.is equality\n    at C:/Users/HI/Documents/GitHub/_deve local/_React Apps/test/tests/integration/api/receiving-voucher-uom.test.ts:276:31\n    at processTicksAndRejections (node:internal/process/task_queues:105:5)\n    at file:///C:/Users/HI/Documents/GitHub/_deve%20local/_React%20Apps/test/node_modules/@vitest/runner/dist/index.js:753:20"],"meta":{}},{"ancestorTitles":["Receiving Voucher UOM Conversion Integration Tests","Regression Tests"],"fullName":"Receiving Voucher UOM Conversion Integration Tests Regression Tests should prevent the original UOM conversion bug","status":"failed","title":"should prevent the original UOM conversion bug","duration":472.72329999999965,"failureMessages":["AssertionError: expected 401 to be 200 // Object.is equality\n    at C:/Users/HI/Documents/GitHub/_deve local/_React Apps/test/tests/integration/api/receiving-voucher-uom.test.ts:328:31\n    at processTicksAndRejections (node:internal/process/task_queues:105:5)\n    at file:///C:/Users/HI/Documents/GitHub/_deve%20local/_React%20Apps/test/node_modules/@vitest/runner/dist/index.js:753:20"],"meta":{}}],"startTime":1763997052224,"endTime":1763997055908.7234,"status":"failed","message":"","name":"C:/Users/HI/Documents/GitHub/_deve local/_React Apps/test/tests/integration/api/receiving-voucher-uom.test.ts"},{"assertionResults":[{"ancestorTitles":["Registration API Integration Tests","POST /api/auth/register"],"fullName":"Registration API Integration Tests POST /api/auth/register should successfully register a new user with valid data","status":"passed","title":"should successfully register a new user with valid data","duration":5688.7397,"failureMessages":[],"meta":{}},{"ancestorTitles":["Registration API Integration Tests","POST /api/auth/register"],"fullName":"Registration API Integration Tests POST /api/auth/register should reject registration with duplicate email","status":"passed","title":"should reject registration with duplicate email","duration":1532.7065999999995,"failureMessages":[],"meta":{}},{"ancestorTitles":["Registration API Integration Tests","POST /api/auth/register"],"fullName":"Registration API Integration Tests POST /api/auth/register should reject registration with short password","status":"passed","title":"should reject registration with short password","duration":86.57849999999962,"failureMessages":[],"meta":{}},{"ancestorTitles":["Registration API Integration Tests","POST /api/auth/register"],"fullName":"Registration API Integration Tests POST /api/auth/register should reject registration with invalid email format","status":"passed","title":"should reject registration with invalid email format","duration":88.48030000000108,"failureMessages":[],"meta":{}},{"ancestorTitles":["Registration API Integration Tests","POST /api/auth/register"],"fullName":"Registration API Integration Tests POST /api/auth/register should reject registration with missing required fields","status":"passed","title":"should reject registration with missing required fields","duration":86.02309999999852,"failureMessages":[],"meta":{}},{"ancestorTitles":["Registration API Integration Tests","POST /api/auth/register"],"fullName":"Registration API Integration Tests POST /api/auth/register should reject registration with invalid role ID","status":"failed","title":"should reject registration with invalid role ID","duration":982.112000000001,"failureMessages":["AssertionError: expected 500 to be 400 // Object.is equality\n    at C:/Users/HI/Documents/GitHub/_deve local/_React Apps/test/tests/integration/api/registration.test.ts:198:31\n    at processTicksAndRejections (node:internal/process/task_queues:105:5)\n    at file:///C:/Users/HI/Documents/GitHub/_deve%20local/_React%20Apps/test/node_modules/@vitest/runner/dist/index.js:753:20"],"meta":{}},{"ancestorTitles":["Registration API Integration Tests","POST /api/auth/register"],"fullName":"Registration API Integration Tests POST /api/auth/register should hash password before storing in database","status":"passed","title":"should hash password before storing in database","duration":1443.3761000000013,"failureMessages":[],"meta":{}},{"ancestorTitles":["Registration API Integration Tests","POST /api/auth/register"],"fullName":"Registration API Integration Tests POST /api/auth/register should create audit log entry for registration","status":"passed","title":"should create audit log entry for registration","duration":1351.411399999999,"failureMessages":[],"meta":{}},{"ancestorTitles":["Registration API Integration Tests","Regression Tests - Bug Fixes"],"fullName":"Registration API Integration Tests Regression Tests - Bug Fixes should not include updatedAt field in user creation (regression test)","status":"passed","title":"should not include updatedAt field in user creation (regression test)","duration":1085.2487,"failureMessages":[],"meta":{}},{"ancestorTitles":["Registration API Integration Tests","Regression Tests - Bug Fixes"],"fullName":"Registration API Integration Tests Regression Tests - Bug Fixes should work with correct Cashier role ID (regression test)","status":"passed","title":"should work with correct Cashier role ID (regression test)","duration":1013.9529999999995,"failureMessages":[],"meta":{}}],"startTime":1763997050265,"endTime":1763997063624.953,"status":"failed","message":"","name":"C:/Users/HI/Documents/GitHub/_deve local/_React Apps/test/tests/integration/api/registration.test.ts"},{"assertionResults":[{"ancestorTitles":["Warehouses API"],"fullName":"Warehouses API lists warehouses","status":"failed","title":"lists warehouses","duration":8175.469899999999,"failureMessages":["AssertionError: expected 401 to be 200 // Object.is equality\n    at C:/Users/HI/Documents/GitHub/_deve local/_React Apps/test/tests/integration/api/warehouses.test.ts:11:22\n    at processTicksAndRejections (node:internal/process/task_queues:105:5)\n    at file:///C:/Users/HI/Documents/GitHub/_deve%20local/_React%20Apps/test/node_modules/@vitest/runner/dist/index.js:753:20"],"meta":{}}],"startTime":1763997049530,"endTime":1763997057705.47,"status":"failed","message":"","name":"C:/Users/HI/Documents/GitHub/_deve local/_React Apps/test/tests/integration/api/warehouses.test.ts"}]}