{"numTotalTestSuites":31,"numPassedTestSuites":3,"numFailedTestSuites":28,"numPendingTestSuites":0,"numTotalTests":37,"numPassedTests":15,"numFailedTests":22,"numPendingTests":0,"numTodoTests":0,"snapshot":{"added":0,"failure":false,"filesAdded":0,"filesRemoved":0,"filesRemovedList":[],"filesUnmatched":0,"filesUpdated":0,"matched":0,"total":0,"unchecked":0,"uncheckedKeysByFile":[],"unmatched":0,"updated":0,"didUpdate":false},"startTime":1763996892055,"success":false,"testResults":[{"assertionResults":[],"startTime":1763996892055,"endTime":1763996892055,"status":"failed","message":"Cannot find module '../schemas/api-response-schemas' imported from 'C:/Users/HI/Documents/GitHub/_deve local/_React Apps/test/tests/integration/api/api-regression.test.ts'","name":"C:/Users/HI/Documents/GitHub/_deve local/_React Apps/test/tests/integration/api/api-regression.test.ts"},{"assertionResults":[{"ancestorTitles":["Auth API"],"fullName":"Auth API invalid login returns 401","status":"passed","title":"invalid login returns 401","duration":390.52119999999996,"failureMessages":[],"meta":{}},{"ancestorTitles":["Auth API"],"fullName":"Auth API valid login returns 200 and me returns 200 with cookie","status":"failed","title":"valid login returns 200 and me returns 200 with cookie","duration":18.269999999999982,"failureMessages":["AssertionError: expected [ 200, 201 ] to include 401\n    at Proxy.<anonymous> (file:///C:/Users/HI/Documents/GitHub/_deve%20local/_React%20Apps/test/node_modules/@vitest/expect/dist/index.js:1248:15)\n    at Proxy.<anonymous> (file:///C:/Users/HI/Documents/GitHub/_deve%20local/_React%20Apps/test/node_modules/@vitest/expect/dist/index.js:1086:14)\n    at Proxy.methodWrapper (file:///C:/Users/HI/Documents/GitHub/_deve%20local/_React%20Apps/test/node_modules/chai/index.js:1700:25)\n    at C:/Users/HI/Documents/GitHub/_deve local/_React Apps/test/tests/integration/api/auth.test.ts:18:24\n    at processTicksAndRejections (node:internal/process/task_queues:105:5)\n    at file:///C:/Users/HI/Documents/GitHub/_deve%20local/_React%20Apps/test/node_modules/@vitest/runner/dist/index.js:753:20"],"meta":{}}],"startTime":1763996893110,"endTime":1763996893518.27,"status":"failed","message":"","name":"C:/Users/HI/Documents/GitHub/_deve local/_React Apps/test/tests/integration/api/auth.test.ts"},{"assertionResults":[{"ancestorTitles":["Inventory API"],"fullName":"Inventory API lists inventory","status":"failed","title":"lists inventory","duration":155.13260000000002,"failureMessages":["AssertionError: expected [ 200, 201 ] to include 401\n    at Proxy.<anonymous> (file:///C:/Users/HI/Documents/GitHub/_deve%20local/_React%20Apps/test/node_modules/@vitest/expect/dist/index.js:1248:15)\n    at Proxy.<anonymous> (file:///C:/Users/HI/Documents/GitHub/_deve%20local/_React%20Apps/test/node_modules/@vitest/expect/dist/index.js:1086:14)\n    at Proxy.methodWrapper (file:///C:/Users/HI/Documents/GitHub/_deve%20local/_React%20Apps/test/node_modules/chai/index.js:1700:25)\n    at C:/Users/HI/Documents/GitHub/_deve local/_React Apps/test/tests/integration/api/inventory.test.ts:7:24\n    at processTicksAndRejections (node:internal/process/task_queues:105:5)\n    at file:///C:/Users/HI/Documents/GitHub/_deve%20local/_React%20Apps/test/node_modules/@vitest/runner/dist/index.js:753:20"],"meta":{}},{"ancestorTitles":["Inventory API"],"fullName":"Inventory API stock levels endpoint","status":"failed","title":"stock levels endpoint","duration":28.65949999999998,"failureMessages":["AssertionError: expected 401 to be 200 // Object.is equality\n    at C:/Users/HI/Documents/GitHub/_deve local/_React Apps/test/tests/integration/api/inventory.test.ts:19:22\n    at processTicksAndRejections (node:internal/process/task_queues:105:5)\n    at file:///C:/Users/HI/Documents/GitHub/_deve%20local/_React%20Apps/test/node_modules/@vitest/runner/dist/index.js:753:20"],"meta":{}}],"startTime":1763996893107,"endTime":1763996893291.6594,"status":"failed","message":"","name":"C:/Users/HI/Documents/GitHub/_deve local/_React Apps/test/tests/integration/api/inventory.test.ts"},{"assertionResults":[{"ancestorTitles":["POS Sales API"],"fullName":"POS Sales API processes a cash sale","status":"failed","title":"processes a cash sale","duration":155.75549999999998,"failureMessages":["TypeError: Cannot read properties of undefined (reading 'products')\n    at C:/Users/HI/Documents/GitHub/_deve local/_React Apps/test/tests/integration/api/pos.test.ts:8:32\n    at processTicksAndRejections (node:internal/process/task_queues:105:5)\n    at file:///C:/Users/HI/Documents/GitHub/_deve%20local/_React%20Apps/test/node_modules/@vitest/runner/dist/index.js:753:20"],"meta":{}}],"startTime":1763996893109,"endTime":1763996893264.7556,"status":"failed","message":"","name":"C:/Users/HI/Documents/GitHub/_deve local/_React Apps/test/tests/integration/api/pos.test.ts"},{"assertionResults":[{"ancestorTitles":["Products UOM"],"fullName":"Products UOM updates product alternate UOMs","status":"failed","title":"updates product alternate UOMs","duration":177.43570000000005,"failureMessages":["AssertionError: expected undefined to be truthy\n    at C:/Users/HI/Documents/GitHub/_deve local/_React Apps/test/tests/integration/api/products-uom.test.ts:9:23\n    at processTicksAndRejections (node:internal/process/task_queues:105:5)\n    at file:///C:/Users/HI/Documents/GitHub/_deve%20local/_React%20Apps/test/node_modules/@vitest/runner/dist/index.js:753:20"],"meta":{}}],"startTime":1763996893109,"endTime":1763996893286.4358,"status":"failed","message":"","name":"C:/Users/HI/Documents/GitHub/_deve local/_React Apps/test/tests/integration/api/products-uom.test.ts"},{"assertionResults":[{"ancestorTitles":["Products API Integration Tests","POST /api/products"],"fullName":"Products API Integration Tests POST /api/products should create a new product","status":"failed","title":"should create a new product","duration":79.69310000000019,"failureMessages":["AssertionError: expected 401 to be 201 // Object.is equality\n    at C:/Users/HI/Documents/GitHub/_deve local/_React Apps/test/tests/integration/api/products.test.ts:44:31\n    at processTicksAndRejections (node:internal/process/task_queues:105:5)\n    at file:///C:/Users/HI/Documents/GitHub/_deve%20local/_React%20Apps/test/node_modules/@vitest/runner/dist/index.js:753:20"],"meta":{}},{"ancestorTitles":["Products API Integration Tests","POST /api/products"],"fullName":"Products API Integration Tests POST /api/products should return 400 for invalid product data","status":"failed","title":"should return 400 for invalid product data","duration":13.964899999999943,"failureMessages":["AssertionError: expected 401 to be 400 // Object.is equality\n    at C:/Users/HI/Documents/GitHub/_deve local/_React Apps/test/tests/integration/api/products.test.ts:66:31\n    at processTicksAndRejections (node:internal/process/task_queues:105:5)\n    at file:///C:/Users/HI/Documents/GitHub/_deve%20local/_React%20Apps/test/node_modules/@vitest/runner/dist/index.js:753:20"],"meta":{}},{"ancestorTitles":["Products API Integration Tests","GET /api/products"],"fullName":"Products API Integration Tests GET /api/products should return list of products","status":"failed","title":"should return list of products","duration":11.234000000000151,"failureMessages":["AssertionError: expected 401 to be 200 // Object.is equality\n    at C:/Users/HI/Documents/GitHub/_deve local/_React Apps/test/tests/integration/api/products.test.ts:76:31\n    at processTicksAndRejections (node:internal/process/task_queues:105:5)\n    at file:///C:/Users/HI/Documents/GitHub/_deve%20local/_React%20Apps/test/node_modules/@vitest/runner/dist/index.js:753:20"],"meta":{}},{"ancestorTitles":["Products API Integration Tests","GET /api/products"],"fullName":"Products API Integration Tests GET /api/products should filter products by category","status":"failed","title":"should filter products by category","duration":9.413300000000163,"failureMessages":["AssertionError: expected 401 to be 200 // Object.is equality\n    at C:/Users/HI/Documents/GitHub/_deve local/_React Apps/test/tests/integration/api/products.test.ts:85:31\n    at processTicksAndRejections (node:internal/process/task_queues:105:5)\n    at file:///C:/Users/HI/Documents/GitHub/_deve%20local/_React%20Apps/test/node_modules/@vitest/runner/dist/index.js:753:20"],"meta":{}},{"ancestorTitles":["Products API Integration Tests","GET /api/products/:id"],"fullName":"Products API Integration Tests GET /api/products/:id should return a product by ID","status":"passed","title":"should return a product by ID","duration":0.2635999999999967,"failureMessages":[],"meta":{}},{"ancestorTitles":["Products API Integration Tests","GET /api/products/:id"],"fullName":"Products API Integration Tests GET /api/products/:id should return 404 for non-existent product","status":"failed","title":"should return 404 for non-existent product","duration":12.254400000000032,"failureMessages":["AssertionError: expected 401 to be 404 // Object.is equality\n    at C:/Users/HI/Documents/GitHub/_deve local/_React Apps/test/tests/integration/api/products.test.ts:110:31\n    at processTicksAndRejections (node:internal/process/task_queues:105:5)\n    at file:///C:/Users/HI/Documents/GitHub/_deve%20local/_React%20Apps/test/node_modules/@vitest/runner/dist/index.js:753:20"],"meta":{}}],"startTime":1763996893786,"endTime":1763996893913.2544,"status":"failed","message":"","name":"C:/Users/HI/Documents/GitHub/_deve local/_React Apps/test/tests/integration/api/products.test.ts"},{"assertionResults":[{"ancestorTitles":["Purchase Orders API Integration Tests","POST /api/purchase-orders"],"fullName":"Purchase Orders API Integration Tests POST /api/purchase-orders should create a new purchase order","status":"failed","title":"should create a new purchase order","duration":168.6110000000001,"failureMessages":["AssertionError: expected 401 to be 201 // Object.is equality\n    at C:/Users/HI/Documents/GitHub/_deve local/_React Apps/test/tests/integration/api/purchase-orders.test.ts:68:31\n    at processTicksAndRejections (node:internal/process/task_queues:105:5)\n    at file:///C:/Users/HI/Documents/GitHub/_deve%20local/_React%20Apps/test/node_modules/@vitest/runner/dist/index.js:753:20"],"meta":{}},{"ancestorTitles":["Purchase Orders API Integration Tests","POST /api/purchase-orders"],"fullName":"Purchase Orders API Integration Tests POST /api/purchase-orders should return 400 for invalid PO data","status":"failed","title":"should return 400 for invalid PO data","duration":10.14910000000009,"failureMessages":["AssertionError: expected 401 to be 400 // Object.is equality\n    at C:/Users/HI/Documents/GitHub/_deve local/_React Apps/test/tests/integration/api/purchase-orders.test.ts:90:31\n    at processTicksAndRejections (node:internal/process/task_queues:105:5)\n    at file:///C:/Users/HI/Documents/GitHub/_deve%20local/_React%20Apps/test/node_modules/@vitest/runner/dist/index.js:753:20"],"meta":{}},{"ancestorTitles":["Purchase Orders API Integration Tests","GET /api/purchase-orders"],"fullName":"Purchase Orders API Integration Tests GET /api/purchase-orders should return list of purchase orders","status":"failed","title":"should return list of purchase orders","duration":13.26909999999998,"failureMessages":["AssertionError: expected 401 to be 200 // Object.is equality\n    at C:/Users/HI/Documents/GitHub/_deve local/_React Apps/test/tests/integration/api/purchase-orders.test.ts:100:31\n    at processTicksAndRejections (node:internal/process/task_queues:105:5)\n    at file:///C:/Users/HI/Documents/GitHub/_deve%20local/_React%20Apps/test/node_modules/@vitest/runner/dist/index.js:753:20"],"meta":{}},{"ancestorTitles":["Purchase Orders API Integration Tests","GET /api/purchase-orders"],"fullName":"Purchase Orders API Integration Tests GET /api/purchase-orders should filter purchase orders by status","status":"failed","title":"should filter purchase orders by status","duration":9.074299999999994,"failureMessages":["AssertionError: expected 401 to be 200 // Object.is equality\n    at C:/Users/HI/Documents/GitHub/_deve local/_React Apps/test/tests/integration/api/purchase-orders.test.ts:109:31\n    at processTicksAndRejections (node:internal/process/task_queues:105:5)\n    at file:///C:/Users/HI/Documents/GitHub/_deve%20local/_React%20Apps/test/node_modules/@vitest/runner/dist/index.js:753:20"],"meta":{}},{"ancestorTitles":["Purchase Orders API Integration Tests","GET /api/purchase-orders/:id"],"fullName":"Purchase Orders API Integration Tests GET /api/purchase-orders/:id should return a purchase order by ID","status":"passed","title":"should return a purchase order by ID","duration":0.23259999999982028,"failureMessages":[],"meta":{}},{"ancestorTitles":["Purchase Orders API Integration Tests","GET /api/purchase-orders/:id"],"fullName":"Purchase Orders API Integration Tests GET /api/purchase-orders/:id should return 404 for non-existent PO","status":"failed","title":"should return 404 for non-existent PO","duration":9.277299999999968,"failureMessages":["AssertionError: expected 401 to be 404 // Object.is equality\n    at C:/Users/HI/Documents/GitHub/_deve local/_React Apps/test/tests/integration/api/purchase-orders.test.ts:134:31\n    at processTicksAndRejections (node:internal/process/task_queues:105:5)\n    at file:///C:/Users/HI/Documents/GitHub/_deve%20local/_React%20Apps/test/node_modules/@vitest/runner/dist/index.js:753:20"],"meta":{}},{"ancestorTitles":["Purchase Orders API Integration Tests","PUT /api/purchase-orders/:id"],"fullName":"Purchase Orders API Integration Tests PUT /api/purchase-orders/:id should update purchase order","status":"passed","title":"should update purchase order","duration":0.2160999999998694,"failureMessages":[],"meta":{}},{"ancestorTitles":["Purchase Orders API Integration Tests","PUT /api/purchase-orders/:id"],"fullName":"Purchase Orders API Integration Tests PUT /api/purchase-orders/:id should update status to ordered","status":"passed","title":"should update status to ordered","duration":0.10220000000003893,"failureMessages":[],"meta":{}},{"ancestorTitles":["Purchase Orders API Integration Tests","POST /api/purchase-orders/:id/cancel"],"fullName":"Purchase Orders API Integration Tests POST /api/purchase-orders/:id/cancel should cancel purchase order","status":"passed","title":"should cancel purchase order","duration":0.14320000000020627,"failureMessages":[],"meta":{}}],"startTime":1763996894236,"endTime":1763996894447.2773,"status":"failed","message":"","name":"C:/Users/HI/Documents/GitHub/_deve local/_React Apps/test/tests/integration/api/purchase-orders.test.ts"},{"assertionResults":[{"ancestorTitles":["Receiving Voucher UOM Conversion Integration Tests","POST /api/receiving-vouchers - UOM Conversion"],"fullName":"Receiving Voucher UOM Conversion Integration Tests POST /api/receiving-vouchers - UOM Conversion should successfully create receiving voucher with case to bottle conversion","status":"failed","title":"should successfully create receiving voucher with case to bottle conversion","duration":917.8513000000003,"failureMessages":["AssertionError: expected 401 to be 200 // Object.is equality\n    at C:/Users/HI/Documents/GitHub/_deve local/_React Apps/test/tests/integration/api/receiving-voucher-uom.test.ts:163:31\n    at processTicksAndRejections (node:internal/process/task_queues:105:5)\n    at file:///C:/Users/HI/Documents/GitHub/_deve%20local/_React%20Apps/test/node_modules/@vitest/runner/dist/index.js:753:20"],"meta":{}},{"ancestorTitles":["Receiving Voucher UOM Conversion Integration Tests","POST /api/receiving-vouchers - UOM Conversion"],"fullName":"Receiving Voucher UOM Conversion Integration Tests POST /api/receiving-vouchers - UOM Conversion should handle partial case receipt (0.5 case = 5 bottles)","status":"failed","title":"should handle partial case receipt (0.5 case = 5 bottles)","duration":394.70700000000033,"failureMessages":["AssertionError: expected 401 to be 200 // Object.is equality\n    at C:/Users/HI/Documents/GitHub/_deve local/_React Apps/test/tests/integration/api/receiving-voucher-uom.test.ts:201:31\n    at processTicksAndRejections (node:internal/process/task_queues:105:5)\n    at file:///C:/Users/HI/Documents/GitHub/_deve%20local/_React%20Apps/test/node_modules/@vitest/runner/dist/index.js:753:20"],"meta":{}},{"ancestorTitles":["Receiving Voucher UOM Conversion Integration Tests","POST /api/receiving-vouchers - UOM Conversion"],"fullName":"Receiving Voucher UOM Conversion Integration Tests POST /api/receiving-vouchers - UOM Conversion should work with pack UOM conversion","status":"failed","title":"should work with pack UOM conversion","duration":401.15889999999945,"failureMessages":["AssertionError: expected 401 to be 200 // Object.is equality\n    at C:/Users/HI/Documents/GitHub/_deve local/_React Apps/test/tests/integration/api/receiving-voucher-uom.test.ts:237:31\n    at processTicksAndRejections (node:internal/process/task_queues:105:5)\n    at file:///C:/Users/HI/Documents/GitHub/_deve%20local/_React%20Apps/test/node_modules/@vitest/runner/dist/index.js:753:20"],"meta":{}},{"ancestorTitles":["Receiving Voucher UOM Conversion Integration Tests","POST /api/receiving-vouchers - UOM Conversion"],"fullName":"Receiving Voucher UOM Conversion Integration Tests POST /api/receiving-vouchers - UOM Conversion should fail with invalid UOM configuration","status":"failed","title":"should fail with invalid UOM configuration","duration":586.8616999999995,"failureMessages":["AssertionError: expected 401 to be 500 // Object.is equality\n    at C:/Users/HI/Documents/GitHub/_deve local/_React Apps/test/tests/integration/api/receiving-voucher-uom.test.ts:276:31\n    at processTicksAndRejections (node:internal/process/task_queues:105:5)\n    at file:///C:/Users/HI/Documents/GitHub/_deve%20local/_React%20Apps/test/node_modules/@vitest/runner/dist/index.js:753:20"],"meta":{}},{"ancestorTitles":["Receiving Voucher UOM Conversion Integration Tests","Regression Tests"],"fullName":"Receiving Voucher UOM Conversion Integration Tests Regression Tests should prevent the original UOM conversion bug","status":"failed","title":"should prevent the original UOM conversion bug","duration":450.3856999999998,"failureMessages":["AssertionError: expected 401 to be 200 // Object.is equality\n    at C:/Users/HI/Documents/GitHub/_deve local/_React Apps/test/tests/integration/api/receiving-voucher-uom.test.ts:328:31\n    at processTicksAndRejections (node:internal/process/task_queues:105:5)\n    at file:///C:/Users/HI/Documents/GitHub/_deve%20local/_React%20Apps/test/node_modules/@vitest/runner/dist/index.js:753:20"],"meta":{}}],"startTime":1763996895484,"endTime":1763996898236.3857,"status":"failed","message":"","name":"C:/Users/HI/Documents/GitHub/_deve local/_React Apps/test/tests/integration/api/receiving-voucher-uom.test.ts"},{"assertionResults":[{"ancestorTitles":["Registration API Integration Tests","POST /api/auth/register"],"fullName":"Registration API Integration Tests POST /api/auth/register should successfully register a new user with valid data","status":"passed","title":"should successfully register a new user with valid data","duration":1481.9123000000002,"failureMessages":[],"meta":{}},{"ancestorTitles":["Registration API Integration Tests","POST /api/auth/register"],"fullName":"Registration API Integration Tests POST /api/auth/register should reject registration with duplicate email","status":"passed","title":"should reject registration with duplicate email","duration":1397.2053,"failureMessages":[],"meta":{}},{"ancestorTitles":["Registration API Integration Tests","POST /api/auth/register"],"fullName":"Registration API Integration Tests POST /api/auth/register should reject registration with short password","status":"passed","title":"should reject registration with short password","duration":88.5956000000001,"failureMessages":[],"meta":{}},{"ancestorTitles":["Registration API Integration Tests","POST /api/auth/register"],"fullName":"Registration API Integration Tests POST /api/auth/register should reject registration with invalid email format","status":"passed","title":"should reject registration with invalid email format","duration":86.4996000000001,"failureMessages":[],"meta":{}},{"ancestorTitles":["Registration API Integration Tests","POST /api/auth/register"],"fullName":"Registration API Integration Tests POST /api/auth/register should reject registration with missing required fields","status":"passed","title":"should reject registration with missing required fields","duration":86.64300000000003,"failureMessages":[],"meta":{}},{"ancestorTitles":["Registration API Integration Tests","POST /api/auth/register"],"fullName":"Registration API Integration Tests POST /api/auth/register should reject registration with invalid role ID","status":"failed","title":"should reject registration with invalid role ID","duration":897.8599999999997,"failureMessages":["AssertionError: expected 500 to be 400 // Object.is equality\n    at C:/Users/HI/Documents/GitHub/_deve local/_React Apps/test/tests/integration/api/registration.test.ts:198:31\n    at processTicksAndRejections (node:internal/process/task_queues:105:5)\n    at file:///C:/Users/HI/Documents/GitHub/_deve%20local/_React%20Apps/test/node_modules/@vitest/runner/dist/index.js:753:20"],"meta":{}},{"ancestorTitles":["Registration API Integration Tests","POST /api/auth/register"],"fullName":"Registration API Integration Tests POST /api/auth/register should hash password before storing in database","status":"passed","title":"should hash password before storing in database","duration":1072.9193999999998,"failureMessages":[],"meta":{}},{"ancestorTitles":["Registration API Integration Tests","POST /api/auth/register"],"fullName":"Registration API Integration Tests POST /api/auth/register should create audit log entry for registration","status":"passed","title":"should create audit log entry for registration","duration":1341.8181999999997,"failureMessages":[],"meta":{}},{"ancestorTitles":["Registration API Integration Tests","Regression Tests - Bug Fixes"],"fullName":"Registration API Integration Tests Regression Tests - Bug Fixes should not include updatedAt field in user creation (regression test)","status":"passed","title":"should not include updatedAt field in user creation (regression test)","duration":1092.1207000000004,"failureMessages":[],"meta":{}},{"ancestorTitles":["Registration API Integration Tests","Regression Tests - Bug Fixes"],"fullName":"Registration API Integration Tests Regression Tests - Bug Fixes should work with correct Cashier role ID (regression test)","status":"passed","title":"should work with correct Cashier role ID (regression test)","duration":1014.0115000000005,"failureMessages":[],"meta":{}}],"startTime":1763996893804,"endTime":1763996902365.0115,"status":"failed","message":"","name":"C:/Users/HI/Documents/GitHub/_deve local/_React Apps/test/tests/integration/api/registration.test.ts"},{"assertionResults":[{"ancestorTitles":["Warehouses API"],"fullName":"Warehouses API lists warehouses","status":"failed","title":"lists warehouses","duration":153.7584,"failureMessages":["AssertionError: expected [ 200, 201 ] to include 401\n    at Proxy.<anonymous> (file:///C:/Users/HI/Documents/GitHub/_deve%20local/_React%20Apps/test/node_modules/@vitest/expect/dist/index.js:1248:15)\n    at Proxy.<anonymous> (file:///C:/Users/HI/Documents/GitHub/_deve%20local/_React%20Apps/test/node_modules/@vitest/expect/dist/index.js:1086:14)\n    at Proxy.methodWrapper (file:///C:/Users/HI/Documents/GitHub/_deve%20local/_React%20Apps/test/node_modules/chai/index.js:1700:25)\n    at C:/Users/HI/Documents/GitHub/_deve local/_React Apps/test/tests/integration/api/warehouses.test.ts:7:24\n    at processTicksAndRejections (node:internal/process/task_queues:105:5)\n    at file:///C:/Users/HI/Documents/GitHub/_deve%20local/_React%20Apps/test/node_modules/@vitest/runner/dist/index.js:753:20"],"meta":{}}],"startTime":1763996893108,"endTime":1763996893261.7583,"status":"failed","message":"","name":"C:/Users/HI/Documents/GitHub/_deve local/_React Apps/test/tests/integration/api/warehouses.test.ts"}]}