{"numTotalTestSuites":4,"numPassedTestSuites":2,"numFailedTestSuites":2,"numPendingTestSuites":0,"numTotalTests":4,"numPassedTests":4,"numFailedTests":0,"numPendingTests":0,"numTodoTests":0,"snapshot":{"added":0,"failure":false,"filesAdded":0,"filesRemoved":0,"filesRemovedList":[],"filesUnmatched":0,"filesUpdated":0,"matched":0,"total":0,"unchecked":0,"uncheckedKeysByFile":[],"unmatched":0,"updated":0,"didUpdate":false},"startTime":1764530212992,"success":false,"testResults":[{"assertionResults":[{"ancestorTitles":["Receiving Voucher Transaction Integrity Tests","Transaction Atomicity"],"fullName":"Receiving Voucher Transaction Integrity Tests Transaction Atomicity should create RV, update inventory, and record stock movement in single transaction","status":"passed","title":"should create RV, update inventory, and record stock movement in single transaction","duration":3185.5096999999996,"failureMessages":[],"meta":{}},{"ancestorTitles":["Receiving Voucher Transaction Integrity Tests","Transaction Atomicity"],"fullName":"Receiving Voucher Transaction Integrity Tests Transaction Atomicity should rollback all changes if any operation fails","status":"passed","title":"should rollback all changes if any operation fails","duration":1696.5144,"failureMessages":[],"meta":{}},{"ancestorTitles":["Receiving Voucher Transaction Integrity Tests","Transaction Atomicity"],"fullName":"Receiving Voucher Transaction Integrity Tests Transaction Atomicity should handle multiple items in single transaction","status":"passed","title":"should handle multiple items in single transaction","duration":4182.235400000001,"failureMessages":[],"meta":{}},{"ancestorTitles":["Receiving Voucher Transaction Integrity Tests","Regression: Nested Transaction Bug"],"fullName":"Receiving Voucher Transaction Integrity Tests Regression: Nested Transaction Bug should not throw 500 error due to nested transactions","status":"passed","title":"should not throw 500 error due to nested transactions","duration":2904.876400000001,"failureMessages":[],"meta":{}}],"startTime":1764530219019,"endTime":1764530230988.8765,"status":"failed","message":"","name":"C:/Users/HI/Documents/GitHub/_deve local/_React Apps/test/tests/integration/api/receiving-voucher-transaction.test.ts"}]}