{"numTotalTestSuites":132,"numPassedTestSuites":106,"numFailedTestSuites":26,"numPendingTestSuites":0,"numTotalTests":157,"numPassedTests":98,"numFailedTests":8,"numPendingTests":51,"numTodoTests":0,"snapshot":{"added":0,"failure":false,"filesAdded":0,"filesRemoved":0,"filesRemovedList":[],"filesUnmatched":0,"filesUpdated":0,"matched":0,"total":0,"unchecked":0,"uncheckedKeysByFile":[],"unmatched":0,"updated":0,"didUpdate":false},"startTime":1764392778546,"success":false,"testResults":[{"assertionResults":[{"ancestorTitles":["Basic Test"],"fullName":"Basic Test should work","status":"passed","title":"should work","duration":1.4695999999999003,"failureMessages":[],"meta":{}}],"startTime":1764392781406,"endTime":1764392781407.4695,"status":"passed","message":"","name":"C:/Users/HI/Documents/GitHub/_deve local/_React Apps/test/basic.test.ts"},{"assertionResults":[{"ancestorTitles":["Basic Test"],"fullName":"Basic Test should work","status":"passed","title":"should work","duration":1.8570999999997184,"failureMessages":[],"meta":{}}],"startTime":1764392781507,"endTime":1764392781508.8572,"status":"passed","message":"","name":"C:/Users/HI/Documents/GitHub/_deve local/_React Apps/test/tests/basic.test.ts"},{"assertionResults":[{"ancestorTitles":["Simple test"],"fullName":"Simple test should pass","status":"passed","title":"should pass","duration":1.9302000000002408,"failureMessages":[],"meta":{}}],"startTime":1764392781451,"endTime":1764392781452.9302,"status":"passed","message":"","name":"C:/Users/HI/Documents/GitHub/_deve local/_React Apps/test/tests/simple.test.ts"},{"assertionResults":[{"ancestorTitles":["Receiving Voucher Average Cost Anomaly Reproduction"],"fullName":"Receiving Voucher Average Cost Anomaly Reproduction should calculate weighted average cost correctly across multiple receipts","status":"passed","title":"should calculate weighted average cost correctly across multiple receipts","duration":10837.3592,"failureMessages":[],"meta":{}}],"startTime":1764392783363,"endTime":1764392794200.3591,"status":"passed","message":"","name":"C:/Users/HI/Documents/GitHub/_deve local/_React Apps/test/tests/integration/reproduce_rv_avg_cost.test.ts"},{"assertionResults":[{"ancestorTitles":["JWT Mocking Test"],"fullName":"JWT Mocking Test should work with vi.spyOn","status":"passed","title":"should work with vi.spyOn","duration":67.39969999999994,"failureMessages":[],"meta":{}},{"ancestorTitles":["JWT Mocking Test"],"fullName":"JWT Mocking Test should work with vi.mocked","status":"passed","title":"should work with vi.mocked","duration":0.32770000000004984,"failureMessages":[],"meta":{}}],"startTime":1764392784593,"endTime":1764392784661.3276,"status":"passed","message":"","name":"C:/Users/HI/Documents/GitHub/_deve local/_React Apps/test/tests/unit/jwt-mock-test.test.ts"},{"assertionResults":[{"ancestorTitles":["AuthContext","Initial Load - Unauthenticated State"],"fullName":"AuthContext Initial Load - Unauthenticated State should handle 401 response gracefully without console errors","status":"passed","title":"should handle 401 response gracefully without console errors","duration":46.16030000000001,"failureMessages":[],"meta":{}},{"ancestorTitles":["AuthContext","Initial Load - Unauthenticated State"],"fullName":"AuthContext Initial Load - Unauthenticated State should set user to null and permissions to empty on 401","status":"passed","title":"should set user to null and permissions to empty on 401","duration":11.091899999999896,"failureMessages":[],"meta":{}},{"ancestorTitles":["AuthContext","Initial Load - Unauthenticated State"],"fullName":"AuthContext Initial Load - Unauthenticated State should handle network errors and log them","status":"passed","title":"should handle network errors and log them","duration":15.470100000000002,"failureMessages":[],"meta":{}},{"ancestorTitles":["AuthContext","Initial Load - Authenticated State"],"fullName":"AuthContext Initial Load - Authenticated State should load user data when API returns 200","status":"passed","title":"should load user data when API returns 200","duration":14.128600000000006,"failureMessages":[],"meta":{}},{"ancestorTitles":["AuthContext","Regression Tests - Bug Fixes"],"fullName":"AuthContext Regression Tests - Bug Fixes should not log 401 errors on public pages (signup/login)","status":"passed","title":"should not log 401 errors on public pages (signup/login)","duration":15.34680000000003,"failureMessages":[],"meta":{}},{"ancestorTitles":["AuthContext","Regression Tests - Bug Fixes"],"fullName":"AuthContext Regression Tests - Bug Fixes should properly reset state on 401 response","status":"passed","title":"should properly reset state on 401 response","duration":6.399300000000039,"failureMessages":[],"meta":{}}],"startTime":1764392783651,"endTime":1764392783760.3994,"status":"passed","message":"","name":"C:/Users/HI/Documents/GitHub/_deve local/_React Apps/test/tests/unit/contexts/auth-context.test.tsx"},{"assertionResults":[{"ancestorTitles":["BranchContext","Initial Load - Unauthenticated State"],"fullName":"BranchContext Initial Load - Unauthenticated State should handle 401 response gracefully without console errors","status":"failed","title":"should handle 401 response gracefully without console errors","duration":26.077600000000075,"failureMessages":["Error: useAuth must be used within an AuthProvider\n    at useAuth (C:/Users/HI/Documents/GitHub/_deve local/_React Apps/test/contexts/auth.context.tsx:167:11)\n    at BranchProvider (C:/Users/HI/Documents/GitHub/_deve local/_React Apps/test/contexts/branch-context.tsx:32:37)\n    at Object.react_stack_bottom_frame (C:\\Users\\HI\\Documents\\GitHub\\_deve local\\_React Apps\\test\\node_modules\\react-dom\\cjs\\react-dom-client.development.js:25904:20)\n    at renderWithHooks (C:\\Users\\HI\\Documents\\GitHub\\_deve local\\_React Apps\\test\\node_modules\\react-dom\\cjs\\react-dom-client.development.js:7662:22)\n    at updateFunctionComponent (C:\\Users\\HI\\Documents\\GitHub\\_deve local\\_React Apps\\test\\node_modules\\react-dom\\cjs\\react-dom-client.development.js:10166:19)\n    at beginWork (C:\\Users\\HI\\Documents\\GitHub\\_deve local\\_React Apps\\test\\node_modules\\react-dom\\cjs\\react-dom-client.development.js:11778:18)\n    at runWithFiberInDEV (C:\\Users\\HI\\Documents\\GitHub\\_deve local\\_React Apps\\test\\node_modules\\react-dom\\cjs\\react-dom-client.development.js:874:13)\n    at performUnitOfWork (C:\\Users\\HI\\Documents\\GitHub\\_deve local\\_React Apps\\test\\node_modules\\react-dom\\cjs\\react-dom-client.development.js:17641:22)\n    at workLoopSync (C:\\Users\\HI\\Documents\\GitHub\\_deve local\\_React Apps\\test\\node_modules\\react-dom\\cjs\\react-dom-client.development.js:17469:41)\n    at renderRootSync (C:\\Users\\HI\\Documents\\GitHub\\_deve local\\_React Apps\\test\\node_modules\\react-dom\\cjs\\react-dom-client.development.js:17450:11)"],"meta":{}},{"ancestorTitles":["BranchContext","Initial Load - Unauthenticated State"],"fullName":"BranchContext Initial Load - Unauthenticated State should set branches to empty array on 401","status":"failed","title":"should set branches to empty array on 401","duration":4.075200000000223,"failureMessages":["Error: useAuth must be used within an AuthProvider\n    at useAuth (C:/Users/HI/Documents/GitHub/_deve local/_React Apps/test/contexts/auth.context.tsx:167:11)\n    at BranchProvider (C:/Users/HI/Documents/GitHub/_deve local/_React Apps/test/contexts/branch-context.tsx:32:37)\n    at Object.react_stack_bottom_frame (C:\\Users\\HI\\Documents\\GitHub\\_deve local\\_React Apps\\test\\node_modules\\react-dom\\cjs\\react-dom-client.development.js:25904:20)\n    at renderWithHooks (C:\\Users\\HI\\Documents\\GitHub\\_deve local\\_React Apps\\test\\node_modules\\react-dom\\cjs\\react-dom-client.development.js:7662:22)\n    at updateFunctionComponent (C:\\Users\\HI\\Documents\\GitHub\\_deve local\\_React Apps\\test\\node_modules\\react-dom\\cjs\\react-dom-client.development.js:10166:19)\n    at beginWork (C:\\Users\\HI\\Documents\\GitHub\\_deve local\\_React Apps\\test\\node_modules\\react-dom\\cjs\\react-dom-client.development.js:11778:18)\n    at runWithFiberInDEV (C:\\Users\\HI\\Documents\\GitHub\\_deve local\\_React Apps\\test\\node_modules\\react-dom\\cjs\\react-dom-client.development.js:874:13)\n    at performUnitOfWork (C:\\Users\\HI\\Documents\\GitHub\\_deve local\\_React Apps\\test\\node_modules\\react-dom\\cjs\\react-dom-client.development.js:17641:22)\n    at workLoopSync (C:\\Users\\HI\\Documents\\GitHub\\_deve local\\_React Apps\\test\\node_modules\\react-dom\\cjs\\react-dom-client.development.js:17469:41)\n    at renderRootSync (C:\\Users\\HI\\Documents\\GitHub\\_deve local\\_React Apps\\test\\node_modules\\react-dom\\cjs\\react-dom-client.development.js:17450:11)"],"meta":{}},{"ancestorTitles":["BranchContext","Initial Load - Unauthenticated State"],"fullName":"BranchContext Initial Load - Unauthenticated State should handle network errors and log them","status":"failed","title":"should handle network errors and log them","duration":3.5850000000000364,"failureMessages":["Error: useAuth must be used within an AuthProvider\n    at useAuth (C:/Users/HI/Documents/GitHub/_deve local/_React Apps/test/contexts/auth.context.tsx:167:11)\n    at BranchProvider (C:/Users/HI/Documents/GitHub/_deve local/_React Apps/test/contexts/branch-context.tsx:32:37)\n    at Object.react_stack_bottom_frame (C:\\Users\\HI\\Documents\\GitHub\\_deve local\\_React Apps\\test\\node_modules\\react-dom\\cjs\\react-dom-client.development.js:25904:20)\n    at renderWithHooks (C:\\Users\\HI\\Documents\\GitHub\\_deve local\\_React Apps\\test\\node_modules\\react-dom\\cjs\\react-dom-client.development.js:7662:22)\n    at updateFunctionComponent (C:\\Users\\HI\\Documents\\GitHub\\_deve local\\_React Apps\\test\\node_modules\\react-dom\\cjs\\react-dom-client.development.js:10166:19)\n    at beginWork (C:\\Users\\HI\\Documents\\GitHub\\_deve local\\_React Apps\\test\\node_modules\\react-dom\\cjs\\react-dom-client.development.js:11778:18)\n    at runWithFiberInDEV (C:\\Users\\HI\\Documents\\GitHub\\_deve local\\_React Apps\\test\\node_modules\\react-dom\\cjs\\react-dom-client.development.js:874:13)\n    at performUnitOfWork (C:\\Users\\HI\\Documents\\GitHub\\_deve local\\_React Apps\\test\\node_modules\\react-dom\\cjs\\react-dom-client.development.js:17641:22)\n    at workLoopSync (C:\\Users\\HI\\Documents\\GitHub\\_deve local\\_React Apps\\test\\node_modules\\react-dom\\cjs\\react-dom-client.development.js:17469:41)\n    at renderRootSync (C:\\Users\\HI\\Documents\\GitHub\\_deve local\\_React Apps\\test\\node_modules\\react-dom\\cjs\\react-dom-client.development.js:17450:11)"],"meta":{}},{"ancestorTitles":["BranchContext","Initial Load - Authenticated State"],"fullName":"BranchContext Initial Load - Authenticated State should load branches when API returns 200","status":"failed","title":"should load branches when API returns 200","duration":3.2997999999997774,"failureMessages":["Error: useAuth must be used within an AuthProvider\n    at useAuth (C:/Users/HI/Documents/GitHub/_deve local/_React Apps/test/contexts/auth.context.tsx:167:11)\n    at BranchProvider (C:/Users/HI/Documents/GitHub/_deve local/_React Apps/test/contexts/branch-context.tsx:32:37)\n    at Object.react_stack_bottom_frame (C:\\Users\\HI\\Documents\\GitHub\\_deve local\\_React Apps\\test\\node_modules\\react-dom\\cjs\\react-dom-client.development.js:25904:20)\n    at renderWithHooks (C:\\Users\\HI\\Documents\\GitHub\\_deve local\\_React Apps\\test\\node_modules\\react-dom\\cjs\\react-dom-client.development.js:7662:22)\n    at updateFunctionComponent (C:\\Users\\HI\\Documents\\GitHub\\_deve local\\_React Apps\\test\\node_modules\\react-dom\\cjs\\react-dom-client.development.js:10166:19)\n    at beginWork (C:\\Users\\HI\\Documents\\GitHub\\_deve local\\_React Apps\\test\\node_modules\\react-dom\\cjs\\react-dom-client.development.js:11778:18)\n    at runWithFiberInDEV (C:\\Users\\HI\\Documents\\GitHub\\_deve local\\_React Apps\\test\\node_modules\\react-dom\\cjs\\react-dom-client.development.js:874:13)\n    at performUnitOfWork (C:\\Users\\HI\\Documents\\GitHub\\_deve local\\_React Apps\\test\\node_modules\\react-dom\\cjs\\react-dom-client.development.js:17641:22)\n    at workLoopSync (C:\\Users\\HI\\Documents\\GitHub\\_deve local\\_React Apps\\test\\node_modules\\react-dom\\cjs\\react-dom-client.development.js:17469:41)\n    at renderRootSync (C:\\Users\\HI\\Documents\\GitHub\\_deve local\\_React Apps\\test\\node_modules\\react-dom\\cjs\\react-dom-client.development.js:17450:11)"],"meta":{}},{"ancestorTitles":["BranchContext","Initial Load - Authenticated State"],"fullName":"BranchContext Initial Load - Authenticated State should restore selected branch from localStorage","status":"failed","title":"should restore selected branch from localStorage","duration":3.9207000000001244,"failureMessages":["Error: useAuth must be used within an AuthProvider\n    at useAuth (C:/Users/HI/Documents/GitHub/_deve local/_React Apps/test/contexts/auth.context.tsx:167:11)\n    at BranchProvider (C:/Users/HI/Documents/GitHub/_deve local/_React Apps/test/contexts/branch-context.tsx:32:37)\n    at Object.react_stack_bottom_frame (C:\\Users\\HI\\Documents\\GitHub\\_deve local\\_React Apps\\test\\node_modules\\react-dom\\cjs\\react-dom-client.development.js:25904:20)\n    at renderWithHooks (C:\\Users\\HI\\Documents\\GitHub\\_deve local\\_React Apps\\test\\node_modules\\react-dom\\cjs\\react-dom-client.development.js:7662:22)\n    at updateFunctionComponent (C:\\Users\\HI\\Documents\\GitHub\\_deve local\\_React Apps\\test\\node_modules\\react-dom\\cjs\\react-dom-client.development.js:10166:19)\n    at beginWork (C:\\Users\\HI\\Documents\\GitHub\\_deve local\\_React Apps\\test\\node_modules\\react-dom\\cjs\\react-dom-client.development.js:11778:18)\n    at runWithFiberInDEV (C:\\Users\\HI\\Documents\\GitHub\\_deve local\\_React Apps\\test\\node_modules\\react-dom\\cjs\\react-dom-client.development.js:874:13)\n    at performUnitOfWork (C:\\Users\\HI\\Documents\\GitHub\\_deve local\\_React Apps\\test\\node_modules\\react-dom\\cjs\\react-dom-client.development.js:17641:22)\n    at workLoopSync (C:\\Users\\HI\\Documents\\GitHub\\_deve local\\_React Apps\\test\\node_modules\\react-dom\\cjs\\react-dom-client.development.js:17469:41)\n    at renderRootSync (C:\\Users\\HI\\Documents\\GitHub\\_deve local\\_React Apps\\test\\node_modules\\react-dom\\cjs\\react-dom-client.development.js:17450:11)"],"meta":{}},{"ancestorTitles":["BranchContext","Regression Tests - Bug Fixes"],"fullName":"BranchContext Regression Tests - Bug Fixes should not log 401 errors on public pages (signup/login)","status":"failed","title":"should not log 401 errors on public pages (signup/login)","duration":2.7010999999997694,"failureMessages":["Error: useAuth must be used within an AuthProvider\n    at useAuth (C:/Users/HI/Documents/GitHub/_deve local/_React Apps/test/contexts/auth.context.tsx:167:11)\n    at BranchProvider (C:/Users/HI/Documents/GitHub/_deve local/_React Apps/test/contexts/branch-context.tsx:32:37)\n    at Object.react_stack_bottom_frame (C:\\Users\\HI\\Documents\\GitHub\\_deve local\\_React Apps\\test\\node_modules\\react-dom\\cjs\\react-dom-client.development.js:25904:20)\n    at renderWithHooks (C:\\Users\\HI\\Documents\\GitHub\\_deve local\\_React Apps\\test\\node_modules\\react-dom\\cjs\\react-dom-client.development.js:7662:22)\n    at updateFunctionComponent (C:\\Users\\HI\\Documents\\GitHub\\_deve local\\_React Apps\\test\\node_modules\\react-dom\\cjs\\react-dom-client.development.js:10166:19)\n    at beginWork (C:\\Users\\HI\\Documents\\GitHub\\_deve local\\_React Apps\\test\\node_modules\\react-dom\\cjs\\react-dom-client.development.js:11778:18)\n    at runWithFiberInDEV (C:\\Users\\HI\\Documents\\GitHub\\_deve local\\_React Apps\\test\\node_modules\\react-dom\\cjs\\react-dom-client.development.js:874:13)\n    at performUnitOfWork (C:\\Users\\HI\\Documents\\GitHub\\_deve local\\_React Apps\\test\\node_modules\\react-dom\\cjs\\react-dom-client.development.js:17641:22)\n    at workLoopSync (C:\\Users\\HI\\Documents\\GitHub\\_deve local\\_React Apps\\test\\node_modules\\react-dom\\cjs\\react-dom-client.development.js:17469:41)\n    at renderRootSync (C:\\Users\\HI\\Documents\\GitHub\\_deve local\\_React Apps\\test\\node_modules\\react-dom\\cjs\\react-dom-client.development.js:17450:11)"],"meta":{}},{"ancestorTitles":["BranchContext","Regression Tests - Bug Fixes"],"fullName":"BranchContext Regression Tests - Bug Fixes should properly handle empty branch list on 401","status":"failed","title":"should properly handle empty branch list on 401","duration":2.1478000000001884,"failureMessages":["Error: useAuth must be used within an AuthProvider\n    at useAuth (C:/Users/HI/Documents/GitHub/_deve local/_React Apps/test/contexts/auth.context.tsx:167:11)\n    at BranchProvider (C:/Users/HI/Documents/GitHub/_deve local/_React Apps/test/contexts/branch-context.tsx:32:37)\n    at Object.react_stack_bottom_frame (C:\\Users\\HI\\Documents\\GitHub\\_deve local\\_React Apps\\test\\node_modules\\react-dom\\cjs\\react-dom-client.development.js:25904:20)\n    at renderWithHooks (C:\\Users\\HI\\Documents\\GitHub\\_deve local\\_React Apps\\test\\node_modules\\react-dom\\cjs\\react-dom-client.development.js:7662:22)\n    at updateFunctionComponent (C:\\Users\\HI\\Documents\\GitHub\\_deve local\\_React Apps\\test\\node_modules\\react-dom\\cjs\\react-dom-client.development.js:10166:19)\n    at beginWork (C:\\Users\\HI\\Documents\\GitHub\\_deve local\\_React Apps\\test\\node_modules\\react-dom\\cjs\\react-dom-client.development.js:11778:18)\n    at runWithFiberInDEV (C:\\Users\\HI\\Documents\\GitHub\\_deve local\\_React Apps\\test\\node_modules\\react-dom\\cjs\\react-dom-client.development.js:874:13)\n    at performUnitOfWork (C:\\Users\\HI\\Documents\\GitHub\\_deve local\\_React Apps\\test\\node_modules\\react-dom\\cjs\\react-dom-client.development.js:17641:22)\n    at workLoopSync (C:\\Users\\HI\\Documents\\GitHub\\_deve local\\_React Apps\\test\\node_modules\\react-dom\\cjs\\react-dom-client.development.js:17469:41)\n    at renderRootSync (C:\\Users\\HI\\Documents\\GitHub\\_deve local\\_React Apps\\test\\node_modules\\react-dom\\cjs\\react-dom-client.development.js:17450:11)"],"meta":{}}],"startTime":1764392782003,"endTime":1764392782049.1477,"status":"failed","message":"","name":"C:/Users/HI/Documents/GitHub/_deve local/_React Apps/test/tests/unit/contexts/branch-context.test.tsx"},{"assertionResults":[{"ancestorTitles":["UOM Conversion Utilities","findUOMConversion"],"fullName":"UOM Conversion Utilities findUOMConversion should find exact UOM match","status":"passed","title":"should find exact UOM match","duration":1.5182000000000926,"failureMessages":[],"meta":{}},{"ancestorTitles":["UOM Conversion Utilities","findUOMConversion"],"fullName":"UOM Conversion Utilities findUOMConversion should find case-insensitive exact match","status":"passed","title":"should find case-insensitive exact match","duration":0.5393000000000256,"failureMessages":[],"meta":{}},{"ancestorTitles":["UOM Conversion Utilities","findUOMConversion"],"fullName":"UOM Conversion Utilities findUOMConversion should find partial match when exact match fails","status":"passed","title":"should find partial match when exact match fails","duration":0.2595999999999776,"failureMessages":[],"meta":{}},{"ancestorTitles":["UOM Conversion Utilities","findUOMConversion"],"fullName":"UOM Conversion Utilities findUOMConversion should find UOM with descriptive name","status":"passed","title":"should find UOM with descriptive name","duration":0.18420000000003256,"failureMessages":[],"meta":{}},{"ancestorTitles":["UOM Conversion Utilities","findUOMConversion"],"fullName":"UOM Conversion Utilities findUOMConversion should return null when no match found","status":"passed","title":"should return null when no match found","duration":0.22950000000003,"failureMessages":[],"meta":{}},{"ancestorTitles":["UOM Conversion Utilities","convertUOMQuantity"],"fullName":"UOM Conversion Utilities convertUOMQuantity should return same quantity when UOMs are identical","status":"passed","title":"should return same quantity when UOMs are identical","duration":0.27060000000005857,"failureMessages":[],"meta":{}},{"ancestorTitles":["UOM Conversion Utilities","convertUOMQuantity"],"fullName":"UOM Conversion Utilities convertUOMQuantity should convert case to bottles correctly","status":"passed","title":"should convert case to bottles correctly","duration":0.171100000000024,"failureMessages":[],"meta":{}},{"ancestorTitles":["UOM Conversion Utilities","convertUOMQuantity"],"fullName":"UOM Conversion Utilities convertUOMQuantity should convert pack to bottles correctly","status":"passed","title":"should convert pack to bottles correctly","duration":0.13580000000001746,"failureMessages":[],"meta":{}},{"ancestorTitles":["UOM Conversion Utilities","convertUOMQuantity"],"fullName":"UOM Conversion Utilities convertUOMQuantity should handle decimal quantities","status":"passed","title":"should handle decimal quantities","duration":0.1411999999999125,"failureMessages":[],"meta":{}},{"ancestorTitles":["UOM Conversion Utilities","convertUOMQuantity"],"fullName":"UOM Conversion Utilities convertUOMQuantity should fail when no conversion found","status":"passed","title":"should fail when no conversion found","duration":0.2946000000000595,"failureMessages":[],"meta":{}},{"ancestorTitles":["UOM Conversion Utilities","convertUOMQuantity"],"fullName":"UOM Conversion Utilities convertUOMQuantity should fail with invalid conversion factor","status":"passed","title":"should fail with invalid conversion factor","duration":0.36379999999996926,"failureMessages":[],"meta":{}},{"ancestorTitles":["UOM Conversion Utilities","convertUOMQuantity"],"fullName":"UOM Conversion Utilities convertUOMQuantity should work with descriptive UOM names","status":"passed","title":"should work with descriptive UOM names","duration":0.1750000000000682,"failureMessages":[],"meta":{}},{"ancestorTitles":["UOM Conversion Utilities","validateUOMData"],"fullName":"UOM Conversion Utilities validateUOMData should validate correct UOM data","status":"passed","title":"should validate correct UOM data","duration":0.7347999999999502,"failureMessages":[],"meta":{}},{"ancestorTitles":["UOM Conversion Utilities","validateUOMData"],"fullName":"UOM Conversion Utilities validateUOMData should reject empty name","status":"passed","title":"should reject empty name","duration":0.2717000000000098,"failureMessages":[],"meta":{}},{"ancestorTitles":["UOM Conversion Utilities","validateUOMData"],"fullName":"UOM Conversion Utilities validateUOMData should reject invalid conversion factor","status":"passed","title":"should reject invalid conversion factor","duration":0.16169999999999618,"failureMessages":[],"meta":{}},{"ancestorTitles":["UOM Conversion Utilities","validateUOMData"],"fullName":"UOM Conversion Utilities validateUOMData should reject negative conversion factor","status":"passed","title":"should reject negative conversion factor","duration":0.15459999999995944,"failureMessages":[],"meta":{}},{"ancestorTitles":["UOM Conversion Utilities","validateUOMData"],"fullName":"UOM Conversion Utilities validateUOMData should reject non-numeric conversion factor","status":"passed","title":"should reject non-numeric conversion factor","duration":0.15449999999998454,"failureMessages":[],"meta":{}},{"ancestorTitles":["UOM Conversion Utilities","calculateUnitCostInBaseUOM"],"fullName":"UOM Conversion Utilities calculateUnitCostInBaseUOM should calculate correct unit cost for case to bottle conversion","status":"passed","title":"should calculate correct unit cost for case to bottle conversion","duration":0.1451000000000704,"failureMessages":[],"meta":{}},{"ancestorTitles":["UOM Conversion Utilities","calculateUnitCostInBaseUOM"],"fullName":"UOM Conversion Utilities calculateUnitCostInBaseUOM should calculate correct unit cost for pack to bottle conversion","status":"passed","title":"should calculate correct unit cost for pack to bottle conversion","duration":0.09310000000004948,"failureMessages":[],"meta":{}},{"ancestorTitles":["UOM Conversion Utilities","calculateUnitCostInBaseUOM"],"fullName":"UOM Conversion Utilities calculateUnitCostInBaseUOM should return same cost when no conversion needed","status":"passed","title":"should return same cost when no conversion needed","duration":0.08419999999989614,"failureMessages":[],"meta":{}},{"ancestorTitles":["UOM Conversion Utilities","calculateUnitCostInBaseUOM"],"fullName":"UOM Conversion Utilities calculateUnitCostInBaseUOM should fail when conversion fails","status":"passed","title":"should fail when conversion fails","duration":0.11860000000001492,"failureMessages":[],"meta":{}},{"ancestorTitles":["UOM Conversion Utilities","Regression Test Scenarios"],"fullName":"UOM Conversion Utilities Regression Test Scenarios should handle the original bug case: case to bottle conversion","status":"passed","title":"should handle the original bug case: case to bottle conversion","duration":0.10849999999993543,"failureMessages":[],"meta":{}},{"ancestorTitles":["UOM Conversion Utilities","Regression Test Scenarios"],"fullName":"UOM Conversion Utilities Regression Test Scenarios should handle partial UOM name matching","status":"passed","title":"should handle partial UOM name matching","duration":0.09230000000002292,"failureMessages":[],"meta":{}},{"ancestorTitles":["UOM Conversion Utilities","Regression Test Scenarios"],"fullName":"UOM Conversion Utilities Regression Test Scenarios should maintain precision with decimal quantities","status":"passed","title":"should maintain precision with decimal quantities","duration":0.13679999999999382,"failureMessages":[],"meta":{}},{"ancestorTitles":["UOM Conversion Utilities","Regression Test Scenarios"],"fullName":"UOM Conversion Utilities Regression Test Scenarios should validate all UOM data before processing","status":"passed","title":"should validate all UOM data before processing","duration":0.1609000000000833,"failureMessages":[],"meta":{}}],"startTime":1764392789318,"endTime":1764392789326.161,"status":"passed","message":"","name":"C:/Users/HI/Documents/GitHub/_deve local/_React Apps/test/tests/unit/lib/uom-conversion.test.ts"},{"assertionResults":[{"ancestorTitles":["API Regression Tests - Property Name Validation","Purchase Orders API"],"fullName":"API Regression Tests - Property Name Validation Purchase Orders API should return PO with correct Prisma relation names (capital letters)","status":"skipped","title":"should return PO with correct Prisma relation names (capital letters)","failureMessages":[],"meta":{}},{"ancestorTitles":["API Regression Tests - Property Name Validation","Purchase Orders API"],"fullName":"API Regression Tests - Property Name Validation Purchase Orders API should list POs with correct property names","status":"skipped","title":"should list POs with correct property names","failureMessages":[],"meta":{}},{"ancestorTitles":["API Regression Tests - Property Name Validation","Receiving Vouchers API"],"fullName":"API Regression Tests - Property Name Validation Receiving Vouchers API should return RV with correct Prisma relation names","status":"skipped","title":"should return RV with correct Prisma relation names","failureMessages":[],"meta":{}},{"ancestorTitles":["API Regression Tests - Property Name Validation","Products API"],"fullName":"API Regression Tests - Property Name Validation Products API should return products without lowercase relation names","status":"skipped","title":"should return products without lowercase relation names","failureMessages":[],"meta":{}},{"ancestorTitles":["API Regression Tests - Property Name Validation","Suppliers API"],"fullName":"API Regression Tests - Property Name Validation Suppliers API should return suppliers without lowercase relation names","status":"skipped","title":"should return suppliers without lowercase relation names","failureMessages":[],"meta":{}},{"ancestorTitles":["API Regression Tests - Property Name Validation","Warehouses API"],"fullName":"API Regression Tests - Property Name Validation Warehouses API should return warehouses without lowercase relation names","status":"skipped","title":"should return warehouses without lowercase relation names","failureMessages":[],"meta":{}},{"ancestorTitles":["API Regression Tests - Property Name Validation","Branches API"],"fullName":"API Regression Tests - Property Name Validation Branches API should return branches without lowercase relation names","status":"skipped","title":"should return branches without lowercase relation names","failureMessages":[],"meta":{}}],"startTime":1764392778546,"endTime":1764392778546,"status":"failed","message":"","name":"C:/Users/HI/Documents/GitHub/_deve local/_React Apps/test/tests/integration/api/api-regression.test.ts"},{"assertionResults":[{"ancestorTitles":["Auth API"],"fullName":"Auth API invalid login returns 401","status":"passed","title":"invalid login returns 401","duration":7854.2243,"failureMessages":[],"meta":{}},{"ancestorTitles":["Auth API"],"fullName":"Auth API valid login returns 200 and me returns 200 with cookie","status":"passed","title":"valid login returns 200 and me returns 200 with cookie","duration":14449.972399999999,"failureMessages":[],"meta":{}}],"startTime":1764392781473,"endTime":1764392803776.9724,"status":"passed","message":"","name":"C:/Users/HI/Documents/GitHub/_deve local/_React Apps/test/tests/integration/api/auth.test.ts"},{"assertionResults":[{"ancestorTitles":["Customers API Integration Tests","POST /api/customers"],"fullName":"Customers API Integration Tests POST /api/customers should create a new customer","status":"failed","title":"should create a new customer","duration":4415.6993,"failureMessages":["AssertionError: expected 500 to be 201 // Object.is equality\n    at C:/Users/HI/Documents/GitHub/_deve local/_React Apps/test/tests/integration/api/customers.test.ts:58:37\n    at processTicksAndRejections (node:internal/process/task_queues:105:5)\n    at file:///C:/Users/HI/Documents/GitHub/_deve%20local/_React%20Apps/test/node_modules/@vitest/runner/dist/index.js:753:20"],"meta":{}},{"ancestorTitles":["Customers API Integration Tests","POST /api/customers"],"fullName":"Customers API Integration Tests POST /api/customers should return 400 for missing required fields","status":"passed","title":"should return 400 for missing required fields","duration":271.65580000000045,"failureMessages":[],"meta":{}},{"ancestorTitles":["Customers API Integration Tests","GET /api/customers"],"fullName":"Customers API Integration Tests GET /api/customers should return list of customers","status":"passed","title":"should return list of customers","duration":366.6740000000009,"failureMessages":[],"meta":{}},{"ancestorTitles":["Customers API Integration Tests","GET /api/customers"],"fullName":"Customers API Integration Tests GET /api/customers should filter customers by search","status":"passed","title":"should filter customers by search","duration":1087.042199999998,"failureMessages":[],"meta":{}},{"ancestorTitles":["Customers API Integration Tests","GET /api/customers/:id"],"fullName":"Customers API Integration Tests GET /api/customers/:id should return customer by ID","status":"passed","title":"should return customer by ID","duration":0.15829999999914435,"failureMessages":[],"meta":{}},{"ancestorTitles":["Customers API Integration Tests","PUT /api/customers/:id"],"fullName":"Customers API Integration Tests PUT /api/customers/:id should update customer details","status":"passed","title":"should update customer details","duration":0.11920000000100117,"failureMessages":[],"meta":{}},{"ancestorTitles":["Customers API Integration Tests","DELETE /api/customers/:id"],"fullName":"Customers API Integration Tests DELETE /api/customers/:id should delete (or deactivate) customer","status":"passed","title":"should delete (or deactivate) customer","duration":0.10829999999987194,"failureMessages":[],"meta":{}}],"startTime":1764392792721,"endTime":1764392798863.1582,"status":"failed","message":"","name":"C:/Users/HI/Documents/GitHub/_deve local/_React Apps/test/tests/integration/api/customers.test.ts"},{"assertionResults":[{"ancestorTitles":["Inventory API"],"fullName":"Inventory API lists inventory","status":"passed","title":"lists inventory","duration":3733.0334999999977,"failureMessages":[],"meta":{}},{"ancestorTitles":["Inventory API"],"fullName":"Inventory API stock levels endpoint","status":"passed","title":"stock levels endpoint","duration":3784.7562,"failureMessages":[],"meta":{}}],"startTime":1764392799777,"endTime":1764392807294.756,"status":"passed","message":"","name":"C:/Users/HI/Documents/GitHub/_deve local/_React Apps/test/tests/integration/api/inventory.test.ts"},{"assertionResults":[{"ancestorTitles":["POS Sales API"],"fullName":"POS Sales API processes a cash sale","status":"skipped","title":"processes a cash sale","failureMessages":[],"meta":{}},{"ancestorTitles":["POS Sales API"],"fullName":"POS Sales API deducts inventory correctly after sale","status":"skipped","title":"deducts inventory correctly after sale","failureMessages":[],"meta":{}}],"startTime":1764392778546,"endTime":1764392778546,"status":"failed","message":"","name":"C:/Users/HI/Documents/GitHub/_deve local/_React Apps/test/tests/integration/api/pos.test.ts"},{"assertionResults":[{"ancestorTitles":["Products UOM"],"fullName":"Products UOM updates product alternate UOMs","status":"skipped","title":"updates product alternate UOMs","failureMessages":[],"meta":{}}],"startTime":1764392778546,"endTime":1764392778546,"status":"failed","message":"","name":"C:/Users/HI/Documents/GitHub/_deve local/_React Apps/test/tests/integration/api/products-uom.test.ts"},{"assertionResults":[{"ancestorTitles":["Products API Integration Tests","POST /api/products"],"fullName":"Products API Integration Tests POST /api/products should create a new product","status":"skipped","title":"should create a new product","failureMessages":[],"meta":{}},{"ancestorTitles":["Products API Integration Tests","POST /api/products"],"fullName":"Products API Integration Tests POST /api/products should return 400 for invalid product data","status":"skipped","title":"should return 400 for invalid product data","failureMessages":[],"meta":{}},{"ancestorTitles":["Products API Integration Tests","GET /api/products"],"fullName":"Products API Integration Tests GET /api/products should return list of products","status":"skipped","title":"should return list of products","failureMessages":[],"meta":{}},{"ancestorTitles":["Products API Integration Tests","GET /api/products"],"fullName":"Products API Integration Tests GET /api/products should filter products by category","status":"skipped","title":"should filter products by category","failureMessages":[],"meta":{}},{"ancestorTitles":["Products API Integration Tests","GET /api/products/:id"],"fullName":"Products API Integration Tests GET /api/products/:id should return a product by ID","status":"skipped","title":"should return a product by ID","failureMessages":[],"meta":{}},{"ancestorTitles":["Products API Integration Tests","GET /api/products/:id"],"fullName":"Products API Integration Tests GET /api/products/:id should return 404 for non-existent product","status":"skipped","title":"should return 404 for non-existent product","failureMessages":[],"meta":{}},{"ancestorTitles":["Products API Integration Tests","PUT /api/products/:id"],"fullName":"Products API Integration Tests PUT /api/products/:id should update product details","status":"skipped","title":"should update product details","failureMessages":[],"meta":{}},{"ancestorTitles":["Products API Integration Tests","DELETE /api/products/:id"],"fullName":"Products API Integration Tests DELETE /api/products/:id should delete (or deactivate) product","status":"skipped","title":"should delete (or deactivate) product","failureMessages":[],"meta":{}}],"startTime":1764392778546,"endTime":1764392778546,"status":"failed","message":"","name":"C:/Users/HI/Documents/GitHub/_deve local/_React Apps/test/tests/integration/api/products.test.ts"},{"assertionResults":[{"ancestorTitles":["Purchase Orders API Integration Tests","POST /api/purchase-orders"],"fullName":"Purchase Orders API Integration Tests POST /api/purchase-orders should create a new purchase order","status":"skipped","title":"should create a new purchase order","failureMessages":[],"meta":{}},{"ancestorTitles":["Purchase Orders API Integration Tests","POST /api/purchase-orders"],"fullName":"Purchase Orders API Integration Tests POST /api/purchase-orders should return 400 for invalid PO data","status":"skipped","title":"should return 400 for invalid PO data","failureMessages":[],"meta":{}},{"ancestorTitles":["Purchase Orders API Integration Tests","GET /api/purchase-orders"],"fullName":"Purchase Orders API Integration Tests GET /api/purchase-orders should return list of purchase orders","status":"skipped","title":"should return list of purchase orders","failureMessages":[],"meta":{}},{"ancestorTitles":["Purchase Orders API Integration Tests","GET /api/purchase-orders"],"fullName":"Purchase Orders API Integration Tests GET /api/purchase-orders should filter purchase orders by status","status":"skipped","title":"should filter purchase orders by status","failureMessages":[],"meta":{}},{"ancestorTitles":["Purchase Orders API Integration Tests","GET /api/purchase-orders/:id"],"fullName":"Purchase Orders API Integration Tests GET /api/purchase-orders/:id should return a purchase order by ID","status":"skipped","title":"should return a purchase order by ID","failureMessages":[],"meta":{}},{"ancestorTitles":["Purchase Orders API Integration Tests","GET /api/purchase-orders/:id"],"fullName":"Purchase Orders API Integration Tests GET /api/purchase-orders/:id should return 404 for non-existent PO","status":"skipped","title":"should return 404 for non-existent PO","failureMessages":[],"meta":{}},{"ancestorTitles":["Purchase Orders API Integration Tests","PUT /api/purchase-orders/:id"],"fullName":"Purchase Orders API Integration Tests PUT /api/purchase-orders/:id should update purchase order","status":"skipped","title":"should update purchase order","failureMessages":[],"meta":{}},{"ancestorTitles":["Purchase Orders API Integration Tests","POST /api/purchase-orders/:id/cancel"],"fullName":"Purchase Orders API Integration Tests POST /api/purchase-orders/:id/cancel should cancel purchase order","status":"skipped","title":"should cancel purchase order","failureMessages":[],"meta":{}}],"startTime":1764392778546,"endTime":1764392778546,"status":"failed","message":"","name":"C:/Users/HI/Documents/GitHub/_deve local/_React Apps/test/tests/integration/api/purchase-orders.test.ts"},{"assertionResults":[{"ancestorTitles":["Receiving Voucher Transaction Integrity Tests","Transaction Atomicity"],"fullName":"Receiving Voucher Transaction Integrity Tests Transaction Atomicity should create RV, update inventory, and record stock movement in single transaction","status":"skipped","title":"should create RV, update inventory, and record stock movement in single transaction","failureMessages":[],"meta":{}},{"ancestorTitles":["Receiving Voucher Transaction Integrity Tests","Transaction Atomicity"],"fullName":"Receiving Voucher Transaction Integrity Tests Transaction Atomicity should rollback all changes if any operation fails","status":"skipped","title":"should rollback all changes if any operation fails","failureMessages":[],"meta":{}},{"ancestorTitles":["Receiving Voucher Transaction Integrity Tests","Transaction Atomicity"],"fullName":"Receiving Voucher Transaction Integrity Tests Transaction Atomicity should handle multiple items in single transaction","status":"skipped","title":"should handle multiple items in single transaction","failureMessages":[],"meta":{}},{"ancestorTitles":["Receiving Voucher Transaction Integrity Tests","Regression: Nested Transaction Bug"],"fullName":"Receiving Voucher Transaction Integrity Tests Regression: Nested Transaction Bug should not throw 500 error due to nested transactions","status":"skipped","title":"should not throw 500 error due to nested transactions","failureMessages":[],"meta":{}}],"startTime":1764392778546,"endTime":1764392778546,"status":"failed","message":"","name":"C:/Users/HI/Documents/GitHub/_deve local/_React Apps/test/tests/integration/api/receiving-voucher-transaction.test.ts"},{"assertionResults":[{"ancestorTitles":["Receiving Voucher UOM Conversion Integration Tests","POST /api/receiving-vouchers - UOM Conversion"],"fullName":"Receiving Voucher UOM Conversion Integration Tests POST /api/receiving-vouchers - UOM Conversion should successfully create receiving voucher with case to bottle conversion","status":"skipped","title":"should successfully create receiving voucher with case to bottle conversion","failureMessages":[],"meta":{}},{"ancestorTitles":["Receiving Voucher UOM Conversion Integration Tests","POST /api/receiving-vouchers - UOM Conversion"],"fullName":"Receiving Voucher UOM Conversion Integration Tests POST /api/receiving-vouchers - UOM Conversion should handle partial case receipt (0.5 case = 5 bottles)","status":"skipped","title":"should handle partial case receipt (0.5 case = 5 bottles)","failureMessages":[],"meta":{}},{"ancestorTitles":["Receiving Voucher UOM Conversion Integration Tests","POST /api/receiving-vouchers - UOM Conversion"],"fullName":"Receiving Voucher UOM Conversion Integration Tests POST /api/receiving-vouchers - UOM Conversion should work with pack UOM conversion","status":"skipped","title":"should work with pack UOM conversion","failureMessages":[],"meta":{}},{"ancestorTitles":["Receiving Voucher UOM Conversion Integration Tests","POST /api/receiving-vouchers - UOM Conversion"],"fullName":"Receiving Voucher UOM Conversion Integration Tests POST /api/receiving-vouchers - UOM Conversion should fail with invalid UOM configuration","status":"skipped","title":"should fail with invalid UOM configuration","failureMessages":[],"meta":{}},{"ancestorTitles":["Receiving Voucher UOM Conversion Integration Tests","Regression Tests"],"fullName":"Receiving Voucher UOM Conversion Integration Tests Regression Tests should prevent the original UOM conversion bug","status":"skipped","title":"should prevent the original UOM conversion bug","failureMessages":[],"meta":{}}],"startTime":1764392778546,"endTime":1764392778546,"status":"failed","message":"","name":"C:/Users/HI/Documents/GitHub/_deve local/_React Apps/test/tests/integration/api/receiving-voucher-uom.test.ts"},{"assertionResults":[{"ancestorTitles":["Registration API Integration Tests","POST /api/auth/register"],"fullName":"Registration API Integration Tests POST /api/auth/register should successfully register a new user with valid data","status":"skipped","title":"should successfully register a new user with valid data","failureMessages":[],"meta":{}},{"ancestorTitles":["Registration API Integration Tests","POST /api/auth/register"],"fullName":"Registration API Integration Tests POST /api/auth/register should reject registration with duplicate email","status":"skipped","title":"should reject registration with duplicate email","failureMessages":[],"meta":{}},{"ancestorTitles":["Registration API Integration Tests","POST /api/auth/register"],"fullName":"Registration API Integration Tests POST /api/auth/register should reject registration with short password","status":"skipped","title":"should reject registration with short password","failureMessages":[],"meta":{}},{"ancestorTitles":["Registration API Integration Tests","POST /api/auth/register"],"fullName":"Registration API Integration Tests POST /api/auth/register should reject registration with invalid email format","status":"skipped","title":"should reject registration with invalid email format","failureMessages":[],"meta":{}},{"ancestorTitles":["Registration API Integration Tests","POST /api/auth/register"],"fullName":"Registration API Integration Tests POST /api/auth/register should reject registration with missing required fields","status":"skipped","title":"should reject registration with missing required fields","failureMessages":[],"meta":{}},{"ancestorTitles":["Registration API Integration Tests","POST /api/auth/register"],"fullName":"Registration API Integration Tests POST /api/auth/register should reject registration with invalid role ID","status":"skipped","title":"should reject registration with invalid role ID","failureMessages":[],"meta":{}},{"ancestorTitles":["Registration API Integration Tests","POST /api/auth/register"],"fullName":"Registration API Integration Tests POST /api/auth/register should hash password before storing in database","status":"skipped","title":"should hash password before storing in database","failureMessages":[],"meta":{}},{"ancestorTitles":["Registration API Integration Tests","POST /api/auth/register"],"fullName":"Registration API Integration Tests POST /api/auth/register should create audit log entry for registration","status":"skipped","title":"should create audit log entry for registration","failureMessages":[],"meta":{}},{"ancestorTitles":["Registration API Integration Tests","Regression Tests - Bug Fixes"],"fullName":"Registration API Integration Tests Regression Tests - Bug Fixes should not include updatedAt field in user creation (regression test)","status":"skipped","title":"should not include updatedAt field in user creation (regression test)","failureMessages":[],"meta":{}},{"ancestorTitles":["Registration API Integration Tests","Regression Tests - Bug Fixes"],"fullName":"Registration API Integration Tests Regression Tests - Bug Fixes should work with correct Cashier role ID (regression test)","status":"skipped","title":"should work with correct Cashier role ID (regression test)","failureMessages":[],"meta":{}}],"startTime":1764392778546,"endTime":1764392778546,"status":"failed","message":"","name":"C:/Users/HI/Documents/GitHub/_deve local/_React Apps/test/tests/integration/api/registration.test.ts"},{"assertionResults":[{"ancestorTitles":["Sales Orders API Integration Tests","POST /api/sales-orders"],"fullName":"Sales Orders API Integration Tests POST /api/sales-orders should create a new sales order","status":"skipped","title":"should create a new sales order","failureMessages":[],"meta":{}},{"ancestorTitles":["Sales Orders API Integration Tests","POST /api/sales-orders"],"fullName":"Sales Orders API Integration Tests POST /api/sales-orders should return 400 for invalid SO data","status":"skipped","title":"should return 400 for invalid SO data","failureMessages":[],"meta":{}},{"ancestorTitles":["Sales Orders API Integration Tests","GET /api/sales-orders"],"fullName":"Sales Orders API Integration Tests GET /api/sales-orders should return list of sales orders","status":"skipped","title":"should return list of sales orders","failureMessages":[],"meta":{}},{"ancestorTitles":["Sales Orders API Integration Tests","GET /api/sales-orders/:id"],"fullName":"Sales Orders API Integration Tests GET /api/sales-orders/:id should return a sales order by ID","status":"skipped","title":"should return a sales order by ID","failureMessages":[],"meta":{}},{"ancestorTitles":["Sales Orders API Integration Tests","PUT /api/sales-orders/:id"],"fullName":"Sales Orders API Integration Tests PUT /api/sales-orders/:id should update sales order","status":"skipped","title":"should update sales order","failureMessages":[],"meta":{}},{"ancestorTitles":["Sales Orders API Integration Tests","DELETE /api/sales-orders/:id"],"fullName":"Sales Orders API Integration Tests DELETE /api/sales-orders/:id should cancel sales order","status":"skipped","title":"should cancel sales order","failureMessages":[],"meta":{}}],"startTime":1764392778546,"endTime":1764392778546,"status":"failed","message":"","name":"C:/Users/HI/Documents/GitHub/_deve local/_React Apps/test/tests/integration/api/sales-orders.test.ts"},{"assertionResults":[{"ancestorTitles":["Warehouses API"],"fullName":"Warehouses API lists warehouses","status":"passed","title":"lists warehouses","duration":3729.8217000000004,"failureMessages":[],"meta":{}}],"startTime":1764392799860,"endTime":1764392803589.8218,"status":"passed","message":"","name":"C:/Users/HI/Documents/GitHub/_deve local/_React Apps/test/tests/integration/api/warehouses.test.ts"},{"assertionResults":[{"ancestorTitles":["CustomerService","createCustomer"],"fullName":"CustomerService createCustomer should create a customer successfully","status":"passed","title":"should create a customer successfully","duration":5.013200000000097,"failureMessages":[],"meta":{}},{"ancestorTitles":["CustomerService","updateCustomer"],"fullName":"CustomerService updateCustomer should update a customer successfully","status":"passed","title":"should update a customer successfully","duration":1.0097000000000662,"failureMessages":[],"meta":{}},{"ancestorTitles":["CustomerService","getCustomerById"],"fullName":"CustomerService getCustomerById should return customer if found","status":"passed","title":"should return customer if found","duration":0.3193999999998596,"failureMessages":[],"meta":{}},{"ancestorTitles":["CustomerService","getCustomerById"],"fullName":"CustomerService getCustomerById should throw NotFoundError if not found","status":"passed","title":"should throw NotFoundError if not found","duration":1.3192999999998847,"failureMessages":[],"meta":{}},{"ancestorTitles":["CustomerService","deleteCustomer"],"fullName":"CustomerService deleteCustomer should delete customer","status":"passed","title":"should delete customer","duration":0.3484000000000833,"failureMessages":[],"meta":{}}],"startTime":1764392787370,"endTime":1764392787378.3484,"status":"passed","message":"","name":"C:/Users/HI/Documents/GitHub/_deve local/_React Apps/test/tests/unit/services/customer.service.test.ts"},{"assertionResults":[{"ancestorTitles":["Inventory Service - Average Cost Calculation"],"fullName":"Inventory Service - Average Cost Calculation should calculate average cost correctly for first stock entry","status":"passed","title":"should calculate average cost correctly for first stock entry","duration":3.7963999999999487,"failureMessages":[],"meta":{}},{"ancestorTitles":["Inventory Service - Average Cost Calculation"],"fullName":"Inventory Service - Average Cost Calculation should calculate weighted average cost for multiple purchases","status":"passed","title":"should calculate weighted average cost for multiple purchases","duration":1.7747000000001663,"failureMessages":[],"meta":{}},{"ancestorTitles":["Inventory Service - Average Cost Calculation"],"fullName":"Inventory Service - Average Cost Calculation should convert UOM cost correctly when receiving in alternate UOM","status":"passed","title":"should convert UOM cost correctly when receiving in alternate UOM","duration":1.5718000000001666,"failureMessages":[],"meta":{}},{"ancestorTitles":["Inventory Service - Average Cost Calculation"],"fullName":"Inventory Service - Average Cost Calculation should calculate weighted average with UOM conversion","status":"passed","title":"should calculate weighted average with UOM conversion","duration":1.4691000000000258,"failureMessages":[],"meta":{}},{"ancestorTitles":["Inventory Service - Average Cost Calculation"],"fullName":"Inventory Service - Average Cost Calculation should throw error for invalid unit cost","status":"passed","title":"should throw error for invalid unit cost","duration":1.9547000000000025,"failureMessages":[],"meta":{}}],"startTime":1764392784941,"endTime":1764392784951.9546,"status":"passed","message":"","name":"C:/Users/HI/Documents/GitHub/_deve local/_React Apps/test/tests/unit/services/inventory-average-cost.test.ts"},{"assertionResults":[{"ancestorTitles":["InventoryService","convertToBaseUOM"],"fullName":"InventoryService convertToBaseUOM should return quantity as is if UOM matches base UOM","status":"passed","title":"should return quantity as is if UOM matches base UOM","duration":1.353399999999965,"failureMessages":[],"meta":{}},{"ancestorTitles":["InventoryService","convertToBaseUOM"],"fullName":"InventoryService convertToBaseUOM should convert quantity if UOM is alternate UOM","status":"passed","title":"should convert quantity if UOM is alternate UOM","duration":0.2541999999998552,"failureMessages":[],"meta":{}},{"ancestorTitles":["InventoryService","convertToBaseUOM"],"fullName":"InventoryService convertToBaseUOM should throw error if UOM not found","status":"passed","title":"should throw error if UOM not found","duration":1.1885999999999513,"failureMessages":[],"meta":{}},{"ancestorTitles":["InventoryService","addStock"],"fullName":"InventoryService addStock should calculate and update weighted average cost correctly","status":"passed","title":"should calculate and update weighted average cost correctly","duration":2.869699999999966,"failureMessages":[],"meta":{}},{"ancestorTitles":["InventoryService","addStock"],"fullName":"InventoryService addStock should add stock successfully","status":"passed","title":"should add stock successfully","duration":0.8971000000001368,"failureMessages":[],"meta":{}},{"ancestorTitles":["InventoryService","deductStock"],"fullName":"InventoryService deductStock should deduct stock successfully","status":"passed","title":"should deduct stock successfully","duration":0.6345000000001164,"failureMessages":[],"meta":{}},{"ancestorTitles":["InventoryService","deductStock"],"fullName":"InventoryService deductStock should throw error if insufficient stock","status":"passed","title":"should throw error if insufficient stock","duration":0.48499999999989996,"failureMessages":[],"meta":{}},{"ancestorTitles":["InventoryService","transferStock"],"fullName":"InventoryService transferStock should transfer stock successfully","status":"passed","title":"should transfer stock successfully","duration":0.6549999999999727,"failureMessages":[],"meta":{}}],"startTime":1764392786219,"endTime":1764392786227.655,"status":"passed","message":"","name":"C:/Users/HI/Documents/GitHub/_deve local/_React Apps/test/tests/unit/services/inventory.service.test.ts"},{"assertionResults":[{"ancestorTitles":["POSService","generateReceiptNumber"],"fullName":"POSService generateReceiptNumber should generate receipt number successfully","status":"passed","title":"should generate receipt number successfully","duration":1.52049999999997,"failureMessages":[],"meta":{}},{"ancestorTitles":["POSService","getAllSales"],"fullName":"POSService getAllSales should return all sales","status":"passed","title":"should return all sales","duration":0.5638000000000147,"failureMessages":[],"meta":{}},{"ancestorTitles":["POSService","getSaleById"],"fullName":"POSService getSaleById should return sale by ID","status":"passed","title":"should return sale by ID","duration":0.643799999999942,"failureMessages":[],"meta":{}}],"startTime":1764392791405,"endTime":1764392791407.6438,"status":"passed","message":"","name":"C:/Users/HI/Documents/GitHub/_deve local/_React Apps/test/tests/unit/services/pos.service.test.ts"},{"assertionResults":[{"ancestorTitles":["ProductService","createProduct"],"fullName":"ProductService createProduct should create a product successfully","status":"passed","title":"should create a product successfully","duration":4.792900000000145,"failureMessages":[],"meta":{}},{"ancestorTitles":["ProductService","createProduct"],"fullName":"ProductService createProduct should throw error if product name exists","status":"passed","title":"should throw error if product name exists","duration":1.0566000000001168,"failureMessages":[],"meta":{}},{"ancestorTitles":["ProductService","createProduct"],"fullName":"ProductService createProduct should throw error if alternate UOM matches base UOM","status":"passed","title":"should throw error if alternate UOM matches base UOM","duration":0.5289000000000215,"failureMessages":[],"meta":{}},{"ancestorTitles":["ProductService","updateProduct"],"fullName":"ProductService updateProduct should update a product successfully","status":"passed","title":"should update a product successfully","duration":0.6613999999999578,"failureMessages":[],"meta":{}},{"ancestorTitles":["ProductService","updateProduct"],"fullName":"ProductService updateProduct should throw error if product not found","status":"passed","title":"should throw error if product not found","duration":0.2764999999999418,"failureMessages":[],"meta":{}},{"ancestorTitles":["ProductService","deleteProduct"],"fullName":"ProductService deleteProduct should delete inactive product","status":"passed","title":"should delete inactive product","duration":0.3003000000001066,"failureMessages":[],"meta":{}},{"ancestorTitles":["ProductService","deleteProduct"],"fullName":"ProductService deleteProduct should throw error when deleting active product without role","status":"passed","title":"should throw error when deleting active product without role","duration":0.2036000000000513,"failureMessages":[],"meta":{}},{"ancestorTitles":["ProductService","deleteProduct"],"fullName":"ProductService deleteProduct should allow deleting active product if Super Admin","status":"passed","title":"should allow deleting active product if Super Admin","duration":0.17870000000016262,"failureMessages":[],"meta":{}},{"ancestorTitles":["ProductService","getProductUOMs"],"fullName":"ProductService getProductUOMs should return base and alternate UOMs","status":"passed","title":"should return base and alternate UOMs","duration":0.7946999999999207,"failureMessages":[],"meta":{}}],"startTime":1764392785970,"endTime":1764392785978.7947,"status":"passed","message":"","name":"C:/Users/HI/Documents/GitHub/_deve local/_React Apps/test/tests/unit/services/product.service.test.ts"},{"assertionResults":[{"ancestorTitles":["PurchaseOrderService","createPurchaseOrder"],"fullName":"PurchaseOrderService createPurchaseOrder should create a purchase order successfully","status":"passed","title":"should create a purchase order successfully","duration":2.1995999999999185,"failureMessages":[],"meta":{}},{"ancestorTitles":["PurchaseOrderService","createPurchaseOrder"],"fullName":"PurchaseOrderService createPurchaseOrder should throw error if supplier is inactive","status":"passed","title":"should throw error if supplier is inactive","duration":1.5277000000000953,"failureMessages":[],"meta":{}},{"ancestorTitles":["PurchaseOrderService","updatePurchaseOrder"],"fullName":"PurchaseOrderService updatePurchaseOrder should update purchase order successfully","status":"passed","title":"should update purchase order successfully","duration":1.5174000000001797,"failureMessages":[],"meta":{}},{"ancestorTitles":["PurchaseOrderService","updatePurchaseOrder"],"fullName":"PurchaseOrderService updatePurchaseOrder should throw error for invalid status transition","status":"passed","title":"should throw error for invalid status transition","duration":0.3833999999999378,"failureMessages":[],"meta":{}},{"ancestorTitles":["PurchaseOrderService","receivePurchaseOrder"],"fullName":"PurchaseOrderService receivePurchaseOrder should receive purchase order successfully","status":"passed","title":"should receive purchase order successfully","duration":2.302199999999857,"failureMessages":[],"meta":{}}],"startTime":1764392787137,"endTime":1764392787145.3022,"status":"passed","message":"","name":"C:/Users/HI/Documents/GitHub/_deve local/_React Apps/test/tests/unit/services/purchase-order.service.test.ts"},{"assertionResults":[{"ancestorTitles":["ReceivingVoucherService","createReceivingVoucher"],"fullName":"ReceivingVoucherService createReceivingVoucher should create a receiving voucher successfully","status":"passed","title":"should create a receiving voucher successfully","duration":5.579600000000028,"failureMessages":[],"meta":{}},{"ancestorTitles":["ReceivingVoucherService","createReceivingVoucher"],"fullName":"ReceivingVoucherService createReceivingVoucher should create a receiving voucher with alternate UOM successfully","status":"passed","title":"should create a receiving voucher with alternate UOM successfully","duration":0.6430000000000291,"failureMessages":[],"meta":{}},{"ancestorTitles":["ReceivingVoucherService","createReceivingVoucher"],"fullName":"ReceivingVoucherService createReceivingVoucher should throw error if PO not found","status":"passed","title":"should throw error if PO not found","duration":1.4891999999999825,"failureMessages":[],"meta":{}},{"ancestorTitles":["ReceivingVoucherService","cancelReceivingVoucher"],"fullName":"ReceivingVoucherService cancelReceivingVoucher should cancel receiving voucher successfully","status":"passed","title":"should cancel receiving voucher successfully","duration":1.8478000000000065,"failureMessages":[],"meta":{}},{"ancestorTitles":["ReceivingVoucherService","cancelReceivingVoucher"],"fullName":"ReceivingVoucherService cancelReceivingVoucher should throw error if RV already cancelled","status":"passed","title":"should throw error if RV already cancelled","duration":0.480199999999968,"failureMessages":[],"meta":{}}],"startTime":1764392790369,"endTime":1764392790379.4802,"status":"passed","message":"","name":"C:/Users/HI/Documents/GitHub/_deve local/_React Apps/test/tests/unit/services/receiving-voucher.service.test.ts"},{"assertionResults":[{"ancestorTitles":["SalesOrderService","createSalesOrder"],"fullName":"SalesOrderService createSalesOrder should create a sales order successfully","status":"passed","title":"should create a sales order successfully","duration":4.034799999999905,"failureMessages":[],"meta":{}},{"ancestorTitles":["SalesOrderService","createSalesOrder"],"fullName":"SalesOrderService createSalesOrder should throw error if insufficient stock","status":"passed","title":"should throw error if insufficient stock","duration":1.5680999999999585,"failureMessages":[],"meta":{}}],"startTime":1764392788357,"endTime":1764392788362.568,"status":"passed","message":"","name":"C:/Users/HI/Documents/GitHub/_deve local/_React Apps/test/tests/unit/services/sales-order.service.test.ts"},{"assertionResults":[{"ancestorTitles":["SupplierService","createSupplier"],"fullName":"SupplierService createSupplier should create a supplier successfully","status":"passed","title":"should create a supplier successfully","duration":2.404199999999946,"failureMessages":[],"meta":{}},{"ancestorTitles":["SupplierService","createSupplier"],"fullName":"SupplierService createSupplier should throw error if company name exists","status":"passed","title":"should throw error if company name exists","duration":1.3343999999999596,"failureMessages":[],"meta":{}}],"startTime":1764392790312,"endTime":1764392790315.3345,"status":"passed","message":"","name":"C:/Users/HI/Documents/GitHub/_deve local/_React Apps/test/tests/unit/services/supplier.service.test.ts"},{"assertionResults":[{"ancestorTitles":["UserService","createUser"],"fullName":"UserService createUser should create a user successfully","status":"passed","title":"should create a user successfully","duration":1.6544000000000096,"failureMessages":[],"meta":{}},{"ancestorTitles":["UserService","createUser"],"fullName":"UserService createUser should throw error if email exists","status":"passed","title":"should throw error if email exists","duration":1.1123000000000047,"failureMessages":[],"meta":{}}],"startTime":1764392791315,"endTime":1764392791318.1123,"status":"passed","message":"","name":"C:/Users/HI/Documents/GitHub/_deve local/_React Apps/test/tests/unit/services/user.service.test.ts"},{"assertionResults":[{"ancestorTitles":["WarehouseService","createWarehouse"],"fullName":"WarehouseService createWarehouse should create a warehouse successfully","status":"passed","title":"should create a warehouse successfully","duration":2.927299999999832,"failureMessages":[],"meta":{}},{"ancestorTitles":["WarehouseService","createWarehouse"],"fullName":"WarehouseService createWarehouse should throw error if capacity is invalid","status":"passed","title":"should throw error if capacity is invalid","duration":1.4180999999998676,"failureMessages":[],"meta":{}},{"ancestorTitles":["WarehouseService","validateCapacity"],"fullName":"WarehouseService validateCapacity should validate capacity successfully","status":"passed","title":"should validate capacity successfully","duration":0.29109999999991487,"failureMessages":[],"meta":{}},{"ancestorTitles":["WarehouseService","validateCapacity"],"fullName":"WarehouseService validateCapacity should throw error if capacity exceeded","status":"passed","title":"should throw error if capacity exceeded","duration":0.33320000000003347,"failureMessages":[],"meta":{}}],"startTime":1764392788546,"endTime":1764392788551.3333,"status":"passed","message":"","name":"C:/Users/HI/Documents/GitHub/_deve local/_React Apps/test/tests/unit/services/warehouse.service.test.ts"}]}