app/(dashboard)/inventory/adjustments/[id]/page.tsx(67,13): error TS2322: Type '{ id: string; productId: string; productName: string; quantity: number; baseUOM: string; actualBaseUOM: string; conversionFactor: number | undefined; conversionUOM: string | undefined; warehouseId: string; warehouseName: string; createdAt: Date; systemQuantity: number | null; }[]' is not assignable to type 'AdjustmentSlipItem[]'.
  Type '{ id: string; productId: string; productName: string; quantity: number; baseUOM: string; actualBaseUOM: string; conversionFactor: number | undefined; conversionUOM: string | undefined; warehouseId: string; warehouseName: string; createdAt: Date; systemQuantity: number | null; }' is not assignable to type 'AdjustmentSlipItem'.
    Types of property 'systemQuantity' are incompatible.
      Type 'number | null' is not assignable to type 'number | undefined'.
        Type 'null' is not assignable to type 'number | undefined'.
app/(dashboard)/inventory/page.tsx(71,29): error TS7006: Parameter 'item' implicitly has an 'any' type.
app/(dashboard)/inventory/page.tsx(78,6): error TS7006: Parameter 'sum' implicitly has an 'any' type.
app/(dashboard)/inventory/page.tsx(78,11): error TS7006: Parameter 'item' implicitly has an 'any' type.
app/(dashboard)/inventory/page.tsx(83,51): error TS7006: Parameter 'sum' implicitly has an 'any' type.
app/(dashboard)/inventory/page.tsx(83,56): error TS7006: Parameter 'item' implicitly has an 'any' type.
app/(dashboard)/purchase-orders/[id]/edit/page.tsx(26,11): error TS2339: Property 'updatePurchaseOrder' does not exist on type 'UseQueryResult<any, Error>'.
app/(dashboard)/settings/page.tsx(98,12): error TS2304: Cannot find name 'AlertTitle'.
app/(dashboard)/settings/page.tsx(98,38): error TS2304: Cannot find name 'AlertTitle'.
app/api/customers/route.ts(135,25): error TS2304: Cannot find name 'customerData'.
app/api/settings/company/route.ts(9,36): error TS2304: Cannot find name 'NextRequest'.
app/api/settings/company/route.ts(43,36): error TS2304: Cannot find name 'NextRequest'.
app/api/settings/company/route.ts(64,51): error TS2554: Expected 2 arguments, but got 1.
app/dashboard/users/page.tsx(103,60): error TS2345: Argument of type 'string' is not assignable to parameter of type 'UserStatus'.
components/ap/batch-payment-form.tsx(148,25): error TS7006: Parameter 'ap' implicitly has an 'any' type.
components/ap/batch-payment-form.tsx(149,22): error TS7006: Parameter 'ap' implicitly has an 'any' type.
components/ar/batch-payment-form.tsx(211,34): error TS7006: Parameter 'sum' implicitly has an 'any' type.
components/inventory/adjustment-verification-view.tsx(138,61): error TS2322: Type '{ children: string; variant: "outline"; size: "sm"; startIcon: Element; }' is not assignable to type 'IntrinsicAttributes & ButtonProps & RefAttributes<HTMLButtonElement>'.
  Property 'startIcon' does not exist on type 'IntrinsicAttributes & ButtonProps & RefAttributes<HTMLButtonElement>'.
repositories/purchase-order.repository.ts(114,7): error TS2322: Type '{ id: `${string}-${string}-${string}-${string}-${string}`; poNumber: string; totalAmount: number; expectedDeliveryDate: Date; notes: string | undefined; status: PurchaseOrderStatus; ... 5 more ...; PurchaseOrderItem: { ...; }; }' is not assignable to type '(Without<PurchaseOrderCreateInput, PurchaseOrderUncheckedCreateInput> & PurchaseOrderUncheckedCreateInput) | (Without<...> & PurchaseOrderCreateInput)'.
  Types of property 'Branch' are incompatible.
    Type '{ connect: { id: string; }; }' is not assignable to type 'undefined'.
services/ar.service.ts(50,9): error TS2322: Type '{ fundSourceId?: string | undefined; id: `${string}-${string}-${string}-${string}-${string}`; AccountsReceivable: { connect: { id: string; }; }; amount: number; paymentMethod: string; referenceNumber: string | undefined; paymentDate: Date; }' is not assignable to type '(Without<ARPaymentCreateInput, ARPaymentUncheckedCreateInput> & ARPaymentUncheckedCreateInput) | (Without<...> & ARPaymentCreateInput)'.
  Type '{ fundSourceId?: string | undefined; id: `${string}-${string}-${string}-${string}-${string}`; AccountsReceivable: { connect: { id: string; }; }; amount: number; paymentMethod: string; referenceNumber: string | undefined; paymentDate: Date; }' is not assignable to type 'Without<ARPaymentUncheckedCreateInput, ARPaymentCreateInput> & ARPaymentCreateInput'.
    Type '{ fundSourceId?: string | undefined; id: `${string}-${string}-${string}-${string}-${string}`; AccountsReceivable: { connect: { id: string; }; }; amount: number; paymentMethod: string; referenceNumber: string | undefined; paymentDate: Date; }' is not assignable to type 'Without<ARPaymentUncheckedCreateInput, ARPaymentCreateInput>'.
      Types of property 'fundSourceId' are incompatible.
        Type 'string | undefined' is not assignable to type 'undefined'.
          Type 'string' is not assignable to type 'undefined'.
services/fund-source.service.ts(100,13): error TS2561: Object literal may only specify known properties, but 'branchId' does not exist in type 'FundSourceUpdateInput'. Did you mean to write 'Branch'?
tests/helpers/auth-test-helpers.ts(4,10): error TS2459: Module '"./test-db-utils"' declares 'prisma' locally, but it is not exported.
tests/helpers/db-cleanup.ts(95,13): error TS2322: Type '{ name: string; description: string; }' is not assignable to type '(Without<RoleCreateInput, RoleUncheckedCreateInput> & RoleUncheckedCreateInput) | (Without<...> & RoleCreateInput)'.
  Type '{ name: string; description: string; }' is not assignable to type 'Without<RoleUncheckedCreateInput, RoleCreateInput> & RoleCreateInput'.
    Type '{ name: string; description: string; }' is missing the following properties from type 'RoleCreateInput': id, updatedAt
tests/helpers/seed-test-db.ts(33,17): error TS2322: Type '{ name: string; description: string; }' is not assignable to type '(Without<RoleCreateInput, RoleUncheckedCreateInput> & RoleUncheckedCreateInput) | (Without<...> & RoleCreateInput)'.
  Type '{ name: string; description: string; }' is not assignable to type 'Without<RoleUncheckedCreateInput, RoleCreateInput> & RoleCreateInput'.
    Type '{ name: string; description: string; }' is missing the following properties from type 'RoleCreateInput': id, updatedAt
tests/helpers/test-base.ts(18,5): error TS2353: Object literal may only specify known properties, and 'inventoryBatches' does not exist in type 'TestDataIds'.
tests/helpers/test-base.ts(27,5): error TS2740: Type '{ branch: any; warehouse: any; }' is missing the following properties from type 'TestDataIds': users, branches, warehouses, suppliers, and 8 more.
tests/helpers/test-db-utils.ts(85,11): error TS2322: Type '{ name: string; description: string; }' is not assignable to type '(Without<RoleCreateInput, RoleUncheckedCreateInput> & RoleUncheckedCreateInput) | (Without<...> & RoleCreateInput)'.
  Type '{ name: string; description: string; }' is not assignable to type 'Without<RoleUncheckedCreateInput, RoleCreateInput> & RoleCreateInput'.
    Type '{ name: string; description: string; }' is missing the following properties from type 'RoleCreateInput': id, updatedAt
tests/integration/api/inventory-adjustments.test.ts(68,13): error TS2454: Variable 'testAdjustmentId' is used before being assigned.
tests/security-updates-test.ts(15,20): error TS7006: Parameter 'test' implicitly has an 'any' type.
tests/security-updates-test.ts(15,26): error TS7006: Parameter 'passed' implicitly has an 'any' type.
tests/security-updates-test.ts(15,34): error TS7006: Parameter 'message' implicitly has an 'any' type.
tests/security-updates-test.ts(18,29): error TS2345: Argument of type '{ test: any; message: any; timestamp: string; }' is not assignable to parameter of type 'never'.
tests/security-updates-test.ts(21,29): error TS2345: Argument of type '{ test: any; message: any; timestamp: string; }' is not assignable to parameter of type 'never'.
tests/security-updates-test.ts(26,21): error TS7006: Parameter 'test' implicitly has an 'any' type.
tests/security-updates-test.ts(26,27): error TS7006: Parameter 'message' implicitly has an 'any' type.
tests/security-updates-test.ts(27,27): error TS2345: Argument of type '{ test: any; message: any; timestamp: string; }' is not assignable to parameter of type 'never'.
tests/security-updates-test.ts(61,61): error TS18046: 'error' is of type 'unknown'.
tests/security-updates-test.ts(123,64): error TS18046: 'error' is of type 'unknown'.
tests/security-updates-test.ts(165,64): error TS18046: 'error' is of type 'unknown'.
tests/security-updates-test.ts(179,61): error TS18046: 'error' is of type 'unknown'.
tests/security-updates-test.ts(194,78): error TS18046: 'error' is of type 'unknown'.
tests/security-updates-test.ts(199,16): error TS2393: Duplicate function implementation.
tests/security-updates-test.ts(223,59): error TS2339: Property 'test' does not exist on type 'never'.
tests/security-updates-test.ts(223,70): error TS2339: Property 'message' does not exist on type 'never'.
tests/security-updates-test.ts(228,61): error TS2339: Property 'test' does not exist on type 'never'.
tests/security-updates-test.ts(228,72): error TS2339: Property 'message' does not exist on type 'never'.
tests/selenium/run-multiple.ts(39,16): error TS2393: Duplicate function implementation.
tests/unit/repositories/customer.repository.test.ts(189,60): error TS2345: Argument of type '{ companyName: string; contactPerson: string; email: string; }' is not assignable to parameter of type 'CreateCustomerInput & { createdById?: string | undefined; }'.
  Property 'phone' is missing in type '{ companyName: string; contactPerson: string; email: string; }' but required in type 'CreateCustomerInput'.
tests/unit/repositories/customer.repository.test.ts(208,60): error TS2345: Argument of type '{ customerCode: string; companyName: string; contactPerson: string; email: string; }' is not assignable to parameter of type 'CreateCustomerInput & { createdById?: string | undefined; }'.
  Property 'phone' is missing in type '{ customerCode: string; companyName: string; contactPerson: string; email: string; }' but required in type 'CreateCustomerInput'.
tests/unit/repositories/supplier.repository.test.ts(147,60): error TS2345: Argument of type '{ companyName: string; contactPerson: string; email: string; }' is not assignable to parameter of type 'CreateSupplierInput & { createdById?: string | undefined; }'.
  Type '{ companyName: string; contactPerson: string; email: string; }' is missing the following properties from type 'CreateSupplierInput': phone, paymentTerms
tests/unit/services/inventory.service.test.ts(345,44): error TS2345: Argument of type '{ warehouseId: string; items: { productId: string; quantity: number; uom: string; adjustmentType: "ABSOLUTE"; }[]; }' is not assignable to parameter of type 'AdjustStockBatchInput'.
  Property 'reason' is missing in type '{ warehouseId: string; items: { productId: string; quantity: number; uom: string; adjustmentType: "ABSOLUTE"; }[]; }' but required in type 'AdjustStockBatchInput'.
tests/unit/services/user.service.test.ts(51,59): error TS2345: Argument of type 'never[]' is not assignable to parameter of type '{ data: ({ Branch: { name: string; id: string; createdAt: Date; status: string; updatedAt: Date; code: string; location: string; manager: string; phone: string; } | null; Role: { name: string; ... 4 more ...; isSystem: boolean; }; } & { ...; })[]; total: number; page: number; limit: number; totalPages: number; }'.
  Type 'never[]' is missing the following properties from type '{ data: ({ Branch: { name: string; id: string; createdAt: Date; status: string; updatedAt: Date; code: string; location: string; manager: string; phone: string; } | null; Role: { name: string; ... 4 more ...; isSystem: boolean; }; } & { ...; })[]; total: number; page: number; limit: number; totalPages: number; }': data, total, page, limit, totalPages
verify-adjustment.ts(78,58): error TS2339: Property 'code' does not exist on type '{ name: string; id: string; createdAt: Date; supplierId: string | null; status: string; updatedAt: Date; category: string; description: string | null; createdById: string | null; ... 7 more ...; productCategoryId: string | null; }'.
vitest.config.ts(16,5): error TS2769: No overload matches this call.
  The last overload gave the following error.
    Object literal may only specify known properties, and 'poolOptions' does not exist in type 'InlineConfig'.
