app/dashboard/users/page.tsx(103,60): error TS2345: Argument of type 'string' is not assignable to parameter of type 'UserStatus'.
scripts/post-production/generate-tts-free.ts(76,19): error TS2339: Property 'ttsToFile' does not exist on type 'typeof import("C:/Users/HI/Documents/GitHub/buenasv2/node_modules/edge-tts-node/dist/index")'.
scripts/post-production/generate-tts.ts(68,23): error TS1355: A 'const' assertions can only be applied to references to enum members, or string, number, boolean, array, or object literals.
scripts/test-case-sensitivity.ts(20,9): error TS2322: Type '{ email: string; passwordHash: string; firstName: string; lastName: string; roleId: string; status: string; updatedAt: Date; }' is not assignable to type '(Without<UserCreateInput, UserUncheckedCreateInput> & UserUncheckedCreateInput) | (Without<...> & UserCreateInput)'.
  Type '{ email: string; passwordHash: string; firstName: string; lastName: string; roleId: string; status: string; updatedAt: Date; }' is not assignable to type 'Without<UserCreateInput, UserUncheckedCreateInput> & UserUncheckedCreateInput'.
    Property 'id' is missing in type '{ email: string; passwordHash: string; firstName: string; lastName: string; roleId: string; status: string; updatedAt: Date; }' but required in type 'UserUncheckedCreateInput'.
scripts/test-rv-creation.ts(39,73): error TS2345: Argument of type '{ purchaseOrderId: string; receiverName: string; deliveryNotes: string; items: { productId: string; orderedQuantity: number; receivedQuantity: number; unitPrice: number; varianceReason: undefined; }[]; }' is not assignable to parameter of type 'CreateReceivingVoucherInput'.
  Types of property 'items' are incompatible.
    Type '{ productId: string; orderedQuantity: number; receivedQuantity: number; unitPrice: number; varianceReason: undefined; }[]' is not assignable to type 'CreateReceivingVoucherItemInput[]'.
      Type '{ productId: string; orderedQuantity: number; receivedQuantity: number; unitPrice: number; varianceReason: undefined; }' is missing the following properties from type 'CreateReceivingVoucherItemInput': poItemId, uom
tests/e2e/registration.spec.ts(85,7): error TS2322: Type '{ email: string; passwordHash: string; firstName: string; lastName: string; roleId: string; status: string; emailVerified: false; }' is not assignable to type '(Without<UserCreateInput, UserUncheckedCreateInput> & UserUncheckedCreateInput) | (Without<...> & UserCreateInput)'.
  Type '{ email: string; passwordHash: string; firstName: string; lastName: string; roleId: string; status: string; emailVerified: false; }' is not assignable to type 'Without<UserCreateInput, UserUncheckedCreateInput> & UserUncheckedCreateInput'.
    Type '{ email: string; passwordHash: string; firstName: string; lastName: string; roleId: string; status: string; emailVerified: false; }' is missing the following properties from type 'UserUncheckedCreateInput': id, updatedAt
tests/helpers/auth-test-helpers.ts(4,10): error TS2459: Module '"./test-db-utils"' declares 'prisma' locally, but it is not exported.
tests/integration/api/ar-payments-report.test.ts(24,17): error TS2353: Object literal may only specify known properties, and 'name' does not exist in type '(Without<CustomerCreateInput, CustomerUncheckedCreateInput> & CustomerUncheckedCreateInput) | (Without<...> & CustomerCreateInput)'.
tests/integration/api/ar-payments-report.test.ts(35,13): error TS2322: Type '{ id: `${string}-${string}-${string}-${string}-${string}`; branchId: string; customerId: string; customerName: any; salesOrderId: string; totalAmount: number; paidAmount: number; balance: number; dueDate: Date; status: string; }' is not assignable to type '(Without<AccountsReceivableCreateInput, AccountsReceivableUncheckedCreateInput> & AccountsReceivableUncheckedCreateInput) | (Without<...> & AccountsReceivableCreateInput)'.
  Type '{ id: `${string}-${string}-${string}-${string}-${string}`; branchId: string; customerId: string; customerName: any; salesOrderId: string; totalAmount: number; paidAmount: number; balance: number; dueDate: Date; status: string; }' is not assignable to type 'Without<AccountsReceivableCreateInput, AccountsReceivableUncheckedCreateInput> & AccountsReceivableUncheckedCreateInput'.
    Property 'updatedAt' is missing in type '{ id: `${string}-${string}-${string}-${string}-${string}`; branchId: string; customerId: string; customerName: any; salesOrderId: string; totalAmount: number; paidAmount: number; balance: number; dueDate: Date; status: string; }' but required in type 'AccountsReceivableUncheckedCreateInput'.
tests/integration/api/ar-payments-report.test.ts(39,40): error TS2339: Property 'name' does not exist on type '{ id: string; createdAt: Date; status: string; updatedAt: Date; phone: string; notes: string | null; createdById: string | null; email: string | null; updatedById: string | null; ... 10 more ...; customerType: string; }'.
tests/integration/api/inventory-adjustments.test.ts(68,13): error TS2454: Variable 'testAdjustmentId' is used before being assigned.
tests/security-updates-test.ts(205,16): error TS2393: Duplicate function implementation.
tests/selenium/run-multiple.ts(39,16): error TS2393: Duplicate function implementation.
